This is XeTeX, Version 3.14159265-2.6-0.999992 (TeX Live 2020/W32TeX) (preloaded format=xelatex 2022.9.17)  10 AUG 2023 23:16
entering extended mode
 restricted \write18 enabled.
 %&-line parsing enabled.
**complete_notes.tex
(./complete_notes.tex
LaTeX2e <2020-02-02> patch level 5
L3 programming layer <2020-03-06>
(e:/Program Files/texlive/2020/texmf-dist/tex/latex/base/report.cls
Document Class: report 2019/12/20 v1.4l Standard LaTeX document class
(e:/Program Files/texlive/2020/texmf-dist/tex/latex/base/size10.clo
File: size10.clo 2019/12/20 v1.4l Standard LaTeX file (size option)
)
\c@part=\count163
\c@chapter=\count164
\c@section=\count165
\c@subsection=\count166
\c@subsubsection=\count167
\c@paragraph=\count168
\c@subparagraph=\count169
\c@figure=\count170
\c@table=\count171
\abovecaptionskip=\skip47
\belowcaptionskip=\skip48
\bibindent=\dimen134
)
(e:/Program Files/texlive/2020/texmf-dist/tex/latex/graphics/graphicx.sty
Package: graphicx 2019/11/30 v1.2a Enhanced LaTeX Graphics (DPC,SPQR)

(e:/Program Files/texlive/2020/texmf-dist/tex/latex/graphics/keyval.sty
Package: keyval 2014/10/28 v1.15 key=value parser (DPC)
\KV@toks@=\toks15
)
(e:/Program Files/texlive/2020/texmf-dist/tex/latex/graphics/graphics.sty
Package: graphics 2019/11/30 v1.4a Standard LaTeX Graphics (DPC,SPQR)

(e:/Program Files/texlive/2020/texmf-dist/tex/latex/graphics/trig.sty
Package: trig 2016/01/03 v1.10 sin cos tan (DPC)
)
(e:/Program Files/texlive/2020/texmf-dist/tex/latex/graphics-cfg/graphics.cfg
File: graphics.cfg 2016/06/04 v1.11 sample graphics configuration
)
Package graphics Info: Driver file: xetex.def on input line 105.

(e:/Program Files/texlive/2020/texmf-dist/tex/latex/graphics-def/xetex.def
File: xetex.def 2017/06/24 v5.0h Graphics/color driver for xetex
))
\Gin@req@height=\dimen135
\Gin@req@width=\dimen136
)
(e:/Program Files/texlive/2020/texmf-dist/tex/latex/caption/caption.sty
Package: caption 2020/01/03 v3.4h Customizing captions (AR)

(e:/Program Files/texlive/2020/texmf-dist/tex/latex/caption/caption3.sty
Package: caption3 2020/01/03 v1.8h caption3 kernel (AR)
Package caption3 Info: TeX engine: e-TeX on input line 61.
\captionmargin=\dimen137
\captionmargin@=\dimen138
\captionwidth=\dimen139
\caption@tempdima=\dimen140
\caption@indent=\dimen141
\caption@parindent=\dimen142
\caption@hangindent=\dimen143
Package caption Info: Standard document class detected.
)
\c@caption@flags=\count172
\c@continuedfloat=\count173
)
(./includes/preamble.tex
(e:/Program Files/texlive/2020/texmf-dist/tex/latex/geometry/geometry.sty
Package: geometry 2020/01/02 v5.9 Page Geometry

(e:/Program Files/texlive/2020/texmf-dist/tex/generic/iftex/ifvtex.sty
Package: ifvtex 2019/10/25 v1.7 ifvtex legacy package. Use iftex instead.

(e:/Program Files/texlive/2020/texmf-dist/tex/generic/iftex/iftex.sty
Package: iftex 2020/03/06 v1.0d TeX engine tests
))
\Gm@cnth=\count174
\Gm@cntv=\count175
\c@Gm@tempcnt=\count176
\Gm@bindingoffset=\dimen144
\Gm@wd@mp=\dimen145
\Gm@odd@mp=\dimen146
\Gm@even@mp=\dimen147
\Gm@layoutwidth=\dimen148
\Gm@layoutheight=\dimen149
\Gm@layouthoffset=\dimen150
\Gm@layoutvoffset=\dimen151
\Gm@dimlist=\toks16
)
(e:/Program Files/texlive/2020/texmf-dist/tex/latex/amsmath/amsmath.sty
Package: amsmath 2020/01/20 v2.17e AMS math features
\@mathmargin=\skip49

For additional information on amsmath, use the `?' option.
(e:/Program Files/texlive/2020/texmf-dist/tex/latex/amsmath/amstext.sty
Package: amstext 2000/06/29 v2.01 AMS text

(e:/Program Files/texlive/2020/texmf-dist/tex/latex/amsmath/amsgen.sty
File: amsgen.sty 1999/11/30 v2.0 generic functions
\@emptytoks=\toks17
\ex@=\dimen152
))
(e:/Program Files/texlive/2020/texmf-dist/tex/latex/amsmath/amsbsy.sty
Package: amsbsy 1999/11/29 v1.2d Bold Symbols
\pmbraise@=\dimen153
)
(e:/Program Files/texlive/2020/texmf-dist/tex/latex/amsmath/amsopn.sty
Package: amsopn 2016/03/08 v2.02 operator names
)
\inf@bad=\count177
LaTeX Info: Redefining \frac on input line 227.
\uproot@=\count178
\leftroot@=\count179
LaTeX Info: Redefining \overline on input line 389.
\classnum@=\count180
\DOTSCASE@=\count181
LaTeX Info: Redefining \ldots on input line 486.
LaTeX Info: Redefining \dots on input line 489.
LaTeX Info: Redefining \cdots on input line 610.
\Mathstrutbox@=\box45
\strutbox@=\box46
\big@size=\dimen154
LaTeX Font Info:    Redeclaring font encoding OML on input line 733.
LaTeX Font Info:    Redeclaring font encoding OMS on input line 734.
\macc@depth=\count182
\c@MaxMatrixCols=\count183
\dotsspace@=\muskip16
\c@parentequation=\count184
\dspbrk@lvl=\count185
\tag@help=\toks18
\row@=\count186
\column@=\count187
\maxfields@=\count188
\andhelp@=\toks19
\eqnshift@=\dimen155
\alignsep@=\dimen156
\tagshift@=\dimen157
\tagwidth@=\dimen158
\totwidth@=\dimen159
\lineht@=\dimen160
\@envbody=\toks20
\multlinegap=\skip50
\multlinetaggap=\skip51
\mathdisplay@stack=\toks21
LaTeX Info: Redefining \[ on input line 2859.
LaTeX Info: Redefining \] on input line 2860.
)
(e:/Program Files/texlive/2020/texmf-dist/tex/latex/amsfonts/amsfonts.sty
Package: amsfonts 2013/01/14 v3.01 Basic AMSFonts support
\symAMSa=\mathgroup4
\symAMSb=\mathgroup5
LaTeX Font Info:    Redeclaring math symbol \hbar on input line 98.
LaTeX Font Info:    Overwriting math alphabet `\mathfrak' in version `bold'
(Font)                  U/euf/m/n --> U/euf/b/n on input line 106.
)
(e:/Program Files/texlive/2020/texmf-dist/tex/latex/amscls/amsthm.sty
Package: amsthm 2017/10/31 v2.20.4
\thm@style=\toks22
\thm@bodyfont=\toks23
\thm@headfont=\toks24
\thm@notefont=\toks25
\thm@headpunct=\toks26
\thm@preskip=\skip52
\thm@postskip=\skip53
\thm@headsep=\skip54
\dth@everypar=\toks27
)
(e:/Program Files/texlive/2020/texmf-dist/tex/latex/amsfonts/amssymb.sty
Package: amssymb 2013/01/14 v3.01 AMS font symbols
)
(e:/Program Files/texlive/2020/texmf-dist/tex/latex/mathtools/mathtools.sty
Package: mathtools 2020/03/24 v1.24 mathematical typesetting tools

(e:/Program Files/texlive/2020/texmf-dist/tex/latex/tools/calc.sty
Package: calc 2017/05/25 v4.3 Infix arithmetic (KKT,FJ)
\calc@Acount=\count189
\calc@Bcount=\count190
\calc@Adimen=\dimen161
\calc@Bdimen=\dimen162
\calc@Askip=\skip55
\calc@Bskip=\skip56
LaTeX Info: Redefining \setlength on input line 80.
LaTeX Info: Redefining \addtolength on input line 81.
\calc@Ccount=\count191
\calc@Cskip=\skip57
)
(e:/Program Files/texlive/2020/texmf-dist/tex/latex/mathtools/mhsetup.sty
Package: mhsetup 2017/03/31 v1.3 programming setup (MH)
)
LaTeX Info: Thecontrolsequence`\('isalreadyrobust on input line 130.
LaTeX Info: Thecontrolsequence`\)'isalreadyrobust on input line 130.
LaTeX Info: Thecontrolsequence`\['isalreadyrobust on input line 130.
LaTeX Info: Thecontrolsequence`\]'isalreadyrobust on input line 130.
\g_MT_multlinerow_int=\count192
\l_MT_multwidth_dim=\dimen163
\origjot=\skip58
\l_MT_shortvdotswithinadjustabove_dim=\dimen164
\l_MT_shortvdotswithinadjustbelow_dim=\dimen165
\l_MT_above_intertext_sep=\dimen166
\l_MT_below_intertext_sep=\dimen167
\l_MT_above_shortintertext_sep=\dimen168
\l_MT_below_shortintertext_sep=\dimen169
\xmathstrut@box=\box47
\xmathstrut@dim=\dimen170
)
(e:/Program Files/texlive/2020/texmf-dist/tex/latex/newpx/newpxmath.sty
Package: newpxmath 2020/01/09 v1.409

`newpxmath' v1.409, 2020/01/09 Math macros based on pxfonts (msharpe)
(e:/Program Files/texlive/2020/texmf-dist/tex/latex/etoolbox/etoolbox.sty
Package: etoolbox 2019/09/21 v2.5h e-TeX tools for LaTeX (JAW)
\etb@tempcnta=\count193
)
(e:/Program Files/texlive/2020/texmf-dist/tex/generic/kastrup/binhex.tex)
(e:/Program Files/texlive/2020/texmf-dist/tex/latex/xkeyval/xkeyval.sty
Package: xkeyval 2014/12/03 v2.7a package option processing (HA)

(e:/Program Files/texlive/2020/texmf-dist/tex/generic/xkeyval/xkeyval.tex
(e:/Program Files/texlive/2020/texmf-dist/tex/generic/xkeyval/xkvutils.tex
\XKV@toks=\toks28
\XKV@tempa@toks=\toks29
)
\XKV@depth=\count194
File: xkeyval.tex 2014/12/03 v2.7a key=value parser (HA)
))
(e:/Program Files/texlive/2020/texmf-dist/tex/latex/oberdiek/centernot.sty
Package: centernot 2016/05/16 v1.4 Centers the not symbol horizontally (HO)
)
\px@tA=\toks30
\px@tB=\toks31
\px@su=\read2
\px@Isdigit=\count195
LaTeX Font Info:    Redeclaring symbol font `operators' on input line 194.
LaTeX Font Info:    Overwriting symbol font `operators' in version `normal'
(Font)                  OT1/cmr/m/n --> OT1/lmr/m/n on input line 194.
LaTeX Font Info:    Overwriting symbol font `operators' in version `bold'
(Font)                  OT1/cmr/bx/n --> OT1/lmr/m/n on input line 194.
LaTeX Font Info:    Overwriting symbol font `operators' in version `bold'
(Font)                  OT1/lmr/m/n --> OT1/lmr/b/n on input line 195.
LaTeX Font Info:    Redeclaring math alphabet \mathsf on input line 198.
LaTeX Font Info:    Overwriting math alphabet `\mathsf' in version `normal'
(Font)                  OT1/cmss/m/n --> TU/lmss/m/n on input line 198.
LaTeX Font Info:    Overwriting math alphabet `\mathsf' in version `bold'
(Font)                  OT1/cmss/bx/n --> TU/lmss/m/n on input line 198.
LaTeX Font Info:    Redeclaring math alphabet \mathit on input line 199.
LaTeX Font Info:    Overwriting math alphabet `\mathit' in version `normal'
(Font)                  OT1/cmr/m/it --> OT1/lmr/m/it on input line 199.
LaTeX Font Info:    Overwriting math alphabet `\mathit' in version `bold'
(Font)                  OT1/cmr/bx/it --> OT1/lmr/m/it on input line 199.
LaTeX Font Info:    Redeclaring math alphabet \mathtt on input line 200.
LaTeX Font Info:    Overwriting math alphabet `\mathtt' in version `normal'
(Font)                  OT1/cmtt/m/n --> TU/lmtt/m/n on input line 200.
LaTeX Font Info:    Overwriting math alphabet `\mathtt' in version `bold'
(Font)                  OT1/cmtt/m/n --> TU/lmtt/m/n on input line 200.
LaTeX Font Info:    Redeclaring math alphabet \mathbf on input line 202.
LaTeX Font Info:    Overwriting math alphabet `\mathbf' in version `normal'
(Font)                  OT1/cmr/bx/n --> OT1/lmr/b/n on input line 202.
LaTeX Font Info:    Overwriting math alphabet `\mathbf' in version `bold'
(Font)                  OT1/cmr/bx/n --> OT1/lmr/b/n on input line 202.
LaTeX Font Info:    Overwriting math alphabet `\mathit' in version `bold'
(Font)                  OT1/lmr/m/it --> OT1/lmr/b/it on input line 203.
LaTeX Font Info:    Overwriting math alphabet `\mathsf' in version `bold'
(Font)                  TU/lmss/m/n --> TU/lmss/b/n on input line 205.
LaTeX Font Info:    Overwriting math alphabet `\mathtt' in version `bold'
(Font)                  TU/lmtt/m/n --> TU/lmtt/b/n on input line 206.
LaTeX Font Info:    Redeclaring symbol font `letters' on input line 217.
LaTeX Font Info:    Overwriting symbol font `letters' in version `normal'
(Font)                  OML/cmm/m/it --> OML/npxmi/m/it on input line 217.
LaTeX Font Info:    Overwriting symbol font `letters' in version `bold'
(Font)                  OML/cmm/b/it --> OML/npxmi/m/it on input line 217.
LaTeX Font Info:    Overwriting symbol font `letters' in version `bold'
(Font)                  OML/npxmi/m/it --> OML/npxmi/b/it on input line 218.
\symlettersA=\mathgroup6
LaTeX Font Info:    Overwriting symbol font `lettersA' in version `bold'
(Font)                  U/npxmia/m/it --> U/npxmia/b/it on input line 236.
LaTeX Font Info:    Redeclaring math alphabet \mathfrak on input line 238.
LaTeX Font Info:    Redeclaring symbol font `symbols' on input line 246.
LaTeX Font Info:    Encoding `OMS' has changed to `LMS' for symbol font
(Font)              `symbols' in the math version `normal' on input line 246.
LaTeX Font Info:    Overwriting symbol font `symbols' in version `normal'
(Font)                  OMS/cmsy/m/n --> LMS/npxsy/m/n on input line 246.
LaTeX Font Info:    Encoding `OMS' has changed to `LMS' for symbol font
(Font)              `symbols' in the math version `bold' on input line 246.
LaTeX Font Info:    Overwriting symbol font `symbols' in version `bold'
(Font)                  OMS/cmsy/b/n --> LMS/npxsy/m/n on input line 246.
LaTeX Font Info:    Overwriting symbol font `symbols' in version `bold'
(Font)                  LMS/npxsy/m/n --> LMS/npxsy/b/n on input line 247.
\symAMSm=\mathgroup7
LaTeX Font Info:    Overwriting symbol font `AMSm' in version `bold'
(Font)                  U/npxsym/m/n --> U/npxsym/b/n on input line 265.
\symsymbolsC=\mathgroup8
LaTeX Font Info:    Overwriting symbol font `symbolsC' in version `bold'
(Font)                  U/npxsyc/m/n --> U/npxsyc/b/n on input line 287.
LaTeX Font Info:    Redeclaring symbol font `largesymbols' on input line 307.
LaTeX Font Info:    Encoding `OMX' has changed to `LMX' for symbol font
(Font)              `largesymbols' in the math version `normal' on input line 3
07.
LaTeX Font Info:    Overwriting symbol font `largesymbols' in version `normal'
(Font)                  OMX/cmex/m/n --> LMX/npxexx/m/n on input line 307.
LaTeX Font Info:    Encoding `OMX' has changed to `LMX' for symbol font
(Font)              `largesymbols' in the math version `bold' on input line 307
.
LaTeX Font Info:    Overwriting symbol font `largesymbols' in version `bold'
(Font)                  OMX/cmex/m/n --> LMX/npxexx/m/n on input line 307.
LaTeX Font Info:    Overwriting symbol font `largesymbols' in version `bold'
(Font)                  LMX/npxexx/m/n --> LMX/npxexx/b/n on input line 308.
\symlargesymbolsPXA=\mathgroup9
LaTeX Font Info:    Overwriting symbol font `largesymbolsPXA' in version `bold'

(Font)                  U/npxexa/m/n --> U/npxexa/b/n on input line 315.
\px@cntz=\count196
\px@IsAlNum=\count197
\px@sbptoks=\toks32
LaTeX Font Info:    Redeclaring math delimiter \lfloor on input line 470.
LaTeX Font Info:    Redeclaring math delimiter \rfloor on input line 471.
LaTeX Font Info:    Redeclaring math delimiter \lceil on input line 472.
LaTeX Font Info:    Redeclaring math delimiter \rceil on input line 473.
LaTeX Font Info:    Redeclaring math delimiter \lbrace on input line 474.
LaTeX Font Info:    Redeclaring math delimiter \rbrace on input line 475.
LaTeX Font Info:    Redeclaring math delimiter \langle on input line 476.
LaTeX Font Info:    Redeclaring math delimiter \rangle on input line 478.
LaTeX Font Info:    Redeclaring math delimiter \arrowvert on input line 482.
LaTeX Font Info:    Redeclaring math delimiter \vert on input line 483.
LaTeX Font Info:    Redeclaring math symbol \parallel on input line 484.
LaTeX Font Info:    Redeclaring math delimiter \Arrowvert on input line 485.
LaTeX Font Info:    Redeclaring math accent \grave on input line 525.
LaTeX Font Info:    Redeclaring math accent \acute on input line 526.
LaTeX Font Info:    Redeclaring math accent \hat on input line 527.
LaTeX Font Info:    Redeclaring math accent \tilde on input line 528.
LaTeX Font Info:    Redeclaring math accent \bar on input line 529.
LaTeX Font Info:    Redeclaring math accent \breve on input line 530.
LaTeX Font Info:    Redeclaring math accent \mathring on input line 531.
LaTeX Font Info:    Redeclaring math accent \check on input line 532.
LaTeX Font Info:    Redeclaring math accent \dot on input line 536.
LaTeX Font Info:    Redeclaring math accent \ddot on input line 537.
LaTeX Font Info:    Redeclaring math accent \vec on input line 1579.
\npx@numstart=\count198
\npx@UCstart=\count199
\npx@lcstart=\count266
\npx@tmpc=\count267
\npx@imath=\count268
\npx@jmath=\count269
LaTeX Info: Redefining \not on input line 2132.
LaTeX Info: Redefining \textsquare on input line 2147.
LaTeX Info: Redefining \openbox on input line 2149.
)
(e:/Program Files/texlive/2020/texmf-dist/tex/latex/l3packages/xfrac/xfrac.sty
(e:/Program Files/texlive/2020/texmf-dist/tex/latex/l3kernel/expl3.sty
Package: expl3 2020-03-06 L3 programming layer (loader) 

(e:/Program Files/texlive/2020/texmf-dist/tex/latex/l3backend/l3backend-xdvipdf
mx.def
File: l3backend-xdvipdfmx.def 2020-03-12 L3 backend support: xdvipdfmx
\g__graphics_track_int=\count270
\l__pdf_internal_box=\box48
\g__pdf_backend_object_int=\count271
\g__pdf_backend_annotation_int=\count272
))
(e:/Program Files/texlive/2020/texmf-dist/tex/latex/l3packages/l3keys2e/l3keys2
e.sty
Package: l3keys2e 2020-03-06 LaTeX2e option processing using LaTeX3 keys
) (e:/Program Files/texlive/2020/texmf-dist/tex/latex/base/textcomp.sty
Package: textcomp 2020/02/02 v2.0n Standard LaTeX package
)
(e:/Program Files/texlive/2020/texmf-dist/tex/latex/l3packages/xparse/xparse.st
y
Package: xparse 2020-03-06 L3 Experimental document command parser
\l__xparse_current_arg_int=\count273
\g__xparse_grabber_int=\count274
\l__xparse_m_args_int=\count275
\l__xparse_v_nesting_int=\count276
)
(e:/Program Files/texlive/2020/texmf-dist/tex/latex/l3packages/xtemplate/xtempl
ate.sty
Package: xtemplate 2020-03-06 L3 Experimental prototype document functions
\l__xtemplate_tmp_dim=\dimen171
\l__xtemplate_tmp_int=\count277
\l__xtemplate_tmp_muskip=\muskip17
\l__xtemplate_tmp_skip=\skip59
)
Package: xfrac 2020-03-06 L3 Experimental split-level fractions
\l__xfrac_slash_box=\box49
\l__xfrac_tmp_box=\box50
\l__xfrac_denominator_bot_sep_dim=\dimen172
\l__xfrac_numerator_bot_sep_dim=\dimen173
\l__xfrac_numerator_top_sep_dim=\dimen174
\l__xfrac_slash_left_sep_dim=\dimen175
\l__xfrac_slash_right_sep_dim=\dimen176
\l__xfrac_slash_left_muskip=\muskip18
\l__xfrac_slash_right_muskip=\muskip19

Package xtemplate Info: Declaring object type 'xfrac' taking 3 argument(s) on
(xtemplate)             line 80.

) (e:/Program Files/texlive/2020/texmf-dist/tex/latex/cancel/cancel.sty
Package: cancel 2013/04/12 v2.2 Cancel math terms
) (e:/Program Files/texlive/2020/texmf-dist/tex/latex/bookmark/bookmark.sty
Package: bookmark 2019/12/03 v1.28 PDF bookmarks (HO)

(e:/Program Files/texlive/2020/texmf-dist/tex/latex/hyperref/hyperref.sty
Package: hyperref 2020/01/14 v7.00d Hypertext links for LaTeX

(e:/Program Files/texlive/2020/texmf-dist/tex/generic/ltxcmds/ltxcmds.sty
Package: ltxcmds 2019/12/15 v1.24 LaTeX kernel commands for general use (HO)
)
(e:/Program Files/texlive/2020/texmf-dist/tex/latex/pdftexcmds/pdftexcmds.sty
Package: pdftexcmds 2019/11/24 v0.31 Utility functions of pdfTeX for LuaTeX (HO
)

(e:/Program Files/texlive/2020/texmf-dist/tex/generic/infwarerr/infwarerr.sty
Package: infwarerr 2019/12/03 v1.5 Providing info/warning/error messages (HO)
)
Package pdftexcmds Info: \pdf@primitive is available.
Package pdftexcmds Info: \pdf@ifprimitive is available.
Package pdftexcmds Info: \pdfdraftmode not found.
) (e:/Program Files/texlive/2020/texmf-dist/tex/generic/kvsetkeys/kvsetkeys.sty
Package: kvsetkeys 2019/12/15 v1.18 Key value parser (HO)
)
(e:/Program Files/texlive/2020/texmf-dist/tex/generic/kvdefinekeys/kvdefinekeys
.sty
Package: kvdefinekeys 2019-12-19 v1.6 Define keys (HO)
)
(e:/Program Files/texlive/2020/texmf-dist/tex/generic/pdfescape/pdfescape.sty
Package: pdfescape 2019/12/09 v1.15 Implements pdfTeX's escape features (HO)
)
(e:/Program Files/texlive/2020/texmf-dist/tex/latex/hycolor/hycolor.sty
Package: hycolor 2020-01-27 v1.10 Color options for hyperref/bookmark (HO)
)
(e:/Program Files/texlive/2020/texmf-dist/tex/latex/letltxmacro/letltxmacro.sty
Package: letltxmacro 2019/12/03 v1.6 Let assignment for LaTeX macros (HO)
) (e:/Program Files/texlive/2020/texmf-dist/tex/latex/auxhook/auxhook.sty
Package: auxhook 2019-12-17 v1.6 Hooks for auxiliary files (HO)
)
(e:/Program Files/texlive/2020/texmf-dist/tex/latex/kvoptions/kvoptions.sty
Package: kvoptions 2019/11/29 v3.13 Key value format for package options (HO)
)
\@linkdim=\dimen177
\Hy@linkcounter=\count278
\Hy@pagecounter=\count279

(e:/Program Files/texlive/2020/texmf-dist/tex/latex/hyperref/pd1enc.def
File: pd1enc.def 2020/01/14 v7.00d Hyperref: PDFDocEncoding definition (HO)
)
(e:/Program Files/texlive/2020/texmf-dist/tex/generic/intcalc/intcalc.sty
Package: intcalc 2019/12/15 v1.3 Expandable calculations with integers (HO)
)
(e:/Program Files/texlive/2020/texmf-dist/tex/generic/etexcmds/etexcmds.sty
Package: etexcmds 2019/12/15 v1.7 Avoid name clashes with e-TeX commands (HO)
)
\Hy@SavedSpaceFactor=\count280
Package hyperref Info: Hyper figures OFF on input line 4547.
Package hyperref Info: Link nesting OFF on input line 4552.
Package hyperref Info: Hyper index ON on input line 4555.
Package hyperref Info: Plain pages OFF on input line 4562.
Package hyperref Info: Backreferencing OFF on input line 4567.
Package hyperref Info: Implicit mode ON; LaTeX internals redefined.
Package hyperref Info: Bookmarks ON on input line 4800.
\c@Hy@tempcnt=\count281

(e:/Program Files/texlive/2020/texmf-dist/tex/latex/url/url.sty
\Urlmuskip=\muskip20
Package: url 2013/09/16  ver 3.4  Verb mode for urls, etc.
)
LaTeX Info: Redefining \url on input line 5159.
\XeTeXLinkMargin=\dimen178

(e:/Program Files/texlive/2020/texmf-dist/tex/generic/bitset/bitset.sty
Package: bitset 2019/12/09 v1.3 Handle bit-vector datatype (HO)

(e:/Program Files/texlive/2020/texmf-dist/tex/generic/bigintcalc/bigintcalc.sty
Package: bigintcalc 2019/12/15 v1.5 Expandable calculations on big integers (HO
)
))
\Fld@menulength=\count282
\Field@Width=\dimen179
\Fld@charsize=\dimen180
Package hyperref Info: Hyper figures OFF on input line 6430.
Package hyperref Info: Link nesting OFF on input line 6435.
Package hyperref Info: Hyper index ON on input line 6438.
Package hyperref Info: backreferencing OFF on input line 6445.
Package hyperref Info: Link coloring OFF on input line 6450.
Package hyperref Info: Link coloring with OCG OFF on input line 6455.
Package hyperref Info: PDF/A mode OFF on input line 6460.
LaTeX Info: Redefining \ref on input line 6500.
LaTeX Info: Redefining \pageref on input line 6504.
 (e:/Program Files/texlive/2020/texmf-dist/tex/generic/atbegshi/atbegshi.sty
Package: atbegshi 2019/12/05 v1.19 At begin shipout hook (HO)
)
\Hy@abspage=\count283
\c@Item=\count284
\c@Hfootnote=\count285
)
Package hyperref Info: Driver (autodetected): hxetex.
 (e:/Program Files/texlive/2020/texmf-dist/tex/latex/hyperref/hxetex.def
File: hxetex.def 2020/01/14 v7.00d Hyperref driver for XeTeX

(e:/Program Files/texlive/2020/texmf-dist/tex/latex/hyperref/puenc.def
File: puenc.def 2020/01/14 v7.00d Hyperref: PDF Unicode definition (HO)
)
(e:/Program Files/texlive/2020/texmf-dist/tex/generic/stringenc/stringenc.sty
Package: stringenc 2019/11/29 v1.12 Convert strings between diff. encodings (HO
)
)
\pdfm@box=\box51
\c@Hy@AnnotLevel=\count286
\HyField@AnnotCount=\count287
\Fld@listcount=\count288
\c@bookmark@seq@number=\count289

(e:/Program Files/texlive/2020/texmf-dist/tex/latex/rerunfilecheck/rerunfileche
ck.sty
Package: rerunfilecheck 2019/12/05 v1.9 Rerun checks for auxiliary files (HO)

(e:/Program Files/texlive/2020/texmf-dist/tex/latex/atveryend/atveryend.sty
Package: atveryend 2019-12-11 v1.11 Hooks at the very end of document (HO)
)
(e:/Program Files/texlive/2020/texmf-dist/tex/generic/uniquecounter/uniquecount
er.sty
Package: uniquecounter 2019/12/15 v1.4 Provide unlimited unique counter (HO)
)
Package uniquecounter Info: New unique counter `rerunfilecheck' on input line 2
86.
)
\Hy@SectionHShift=\skip60
)
(e:/Program Files/texlive/2020/texmf-dist/tex/latex/bookmark/bkm-dvipdfm.def
File: bkm-dvipdfm.def 2019/12/03 v1.28 bookmark driver for dvipdfm (HO)
\BKM@id=\count290
))
(e:/Program Files/texlive/2020/texmf-dist/tex/latex/enumitem/enumitem.sty
Package: enumitem 2019/06/20 v3.9 Customized lists
\labelindent=\skip61
\enit@outerparindent=\dimen181
\enit@toks=\toks33
\enit@inbox=\box52
\enit@count@id=\count291
\enitdp@description=\count292
)
(e:/Program Files/texlive/2020/texmf-dist/tex/latex/theoremref/theoremref.sty
Package: theoremref 2013/05/22 References with automatic theorem names
\thmref@num=\count293
)
(e:/Program Files/texlive/2020/texmf-dist/tex/generic/stringenc/se-ascii-print.
def
File: se-ascii-print.def 2019/11/29 v1.12 stringenc: Printable ASCII characters

)
Package hyperref Info: Option `colorlinks' set `true' on input line 20.
Package hyperref Info: Option `bookmarksnumbered' set `true' on input line 20.
Package hyperref Info: Option `bookmarksopen' set `true' on input line 20.

(e:/Program Files/texlive/2020/texmf-dist/tex/latex/tcolorbox/tcolorbox.sty
Package: tcolorbox 2019/11/15 version 4.22 text color boxes

(e:/Program Files/texlive/2020/texmf-dist/tex/latex/pgf/basiclayer/pgf.sty
(e:/Program Files/texlive/2020/texmf-dist/tex/latex/pgf/utilities/pgfrcs.sty
(e:/Program Files/texlive/2020/texmf-dist/tex/generic/pgf/utilities/pgfutil-com
mon.tex
\pgfutil@everybye=\toks34
\pgfutil@tempdima=\dimen182
\pgfutil@tempdimb=\dimen183

(e:/Program Files/texlive/2020/texmf-dist/tex/generic/pgf/utilities/pgfutil-com
mon-lists.tex))
(e:/Program Files/texlive/2020/texmf-dist/tex/generic/pgf/utilities/pgfutil-lat
ex.def
\pgfutil@abb=\box53
 (e:/Program Files/texlive/2020/texmf-dist/tex/latex/ms/everyshi.sty
Package: everyshi 2001/05/15 v3.00 EveryShipout Package (MS)
))
(e:/Program Files/texlive/2020/texmf-dist/tex/generic/pgf/utilities/pgfrcs.code
.tex (e:/Program Files/texlive/2020/texmf-dist/tex/generic/pgf/pgf.revision.tex
)
Package: pgfrcs 2020/01/08 v3.1.5b (3.1.5b)
))
Package: pgf 2020/01/08 v3.1.5b (3.1.5b)

(e:/Program Files/texlive/2020/texmf-dist/tex/latex/pgf/basiclayer/pgfcore.sty
(e:/Program Files/texlive/2020/texmf-dist/tex/latex/pgf/systemlayer/pgfsys.sty
(e:/Program Files/texlive/2020/texmf-dist/tex/generic/pgf/systemlayer/pgfsys.co
de.tex
Package: pgfsys 2020/01/08 v3.1.5b (3.1.5b)

(e:/Program Files/texlive/2020/texmf-dist/tex/generic/pgf/utilities/pgfkeys.cod
e.tex
\pgfkeys@pathtoks=\toks35
\pgfkeys@temptoks=\toks36

(e:/Program Files/texlive/2020/texmf-dist/tex/generic/pgf/utilities/pgfkeysfilt
ered.code.tex
\pgfkeys@tmptoks=\toks37
))
\pgf@x=\dimen184
\pgf@y=\dimen185
\pgf@xa=\dimen186
\pgf@ya=\dimen187
\pgf@xb=\dimen188
\pgf@yb=\dimen189
\pgf@xc=\dimen190
\pgf@yc=\dimen191
\pgf@xd=\dimen192
\pgf@yd=\dimen193
\w@pgf@writea=\write3
\r@pgf@reada=\read3
\c@pgf@counta=\count294
\c@pgf@countb=\count295
\c@pgf@countc=\count296
\c@pgf@countd=\count297
\t@pgf@toka=\toks38
\t@pgf@tokb=\toks39
\t@pgf@tokc=\toks40
\pgf@sys@id@count=\count298

(e:/Program Files/texlive/2020/texmf-dist/tex/generic/pgf/systemlayer/pgf.cfg
File: pgf.cfg 2020/01/08 v3.1.5b (3.1.5b)
)
Driver file for pgf: pgfsys-xetex.def

(e:/Program Files/texlive/2020/texmf-dist/tex/generic/pgf/systemlayer/pgfsys-xe
tex.def
File: pgfsys-xetex.def 2020/01/08 v3.1.5b (3.1.5b)

(e:/Program Files/texlive/2020/texmf-dist/tex/generic/pgf/systemlayer/pgfsys-dv
ipdfmx.def
File: pgfsys-dvipdfmx.def 2020/01/08 v3.1.5b (3.1.5b)

(e:/Program Files/texlive/2020/texmf-dist/tex/generic/pgf/systemlayer/pgfsys-co
mmon-pdf.def
File: pgfsys-common-pdf.def 2020/01/08 v3.1.5b (3.1.5b)
)
\pgfsys@objnum=\count299
)))
(e:/Program Files/texlive/2020/texmf-dist/tex/generic/pgf/systemlayer/pgfsyssof
tpath.code.tex
File: pgfsyssoftpath.code.tex 2020/01/08 v3.1.5b (3.1.5b)
\pgfsyssoftpath@smallbuffer@items=\count300
\pgfsyssoftpath@bigbuffer@items=\count301
)
(e:/Program Files/texlive/2020/texmf-dist/tex/generic/pgf/systemlayer/pgfsyspro
tocol.code.tex
File: pgfsysprotocol.code.tex 2020/01/08 v3.1.5b (3.1.5b)
))
(e:/Program Files/texlive/2020/texmf-dist/tex/latex/xcolor/xcolor.sty
Package: xcolor 2016/05/11 v2.12 LaTeX color extensions (UK)

(e:/Program Files/texlive/2020/texmf-dist/tex/latex/graphics-cfg/color.cfg
File: color.cfg 2016/01/02 v1.6 sample color configuration
)
Package xcolor Info: Driver file: xetex.def on input line 225.
Package xcolor Info: Model `cmy' substituted by `cmy0' on input line 1348.
Package xcolor Info: Model `RGB' extended on input line 1364.
Package xcolor Info: Model `HTML' substituted by `rgb' on input line 1366.
Package xcolor Info: Model `Hsb' substituted by `hsb' on input line 1367.
Package xcolor Info: Model `tHsb' substituted by `hsb' on input line 1368.
Package xcolor Info: Model `HSB' substituted by `hsb' on input line 1369.
Package xcolor Info: Model `Gray' substituted by `gray' on input line 1370.
Package xcolor Info: Model `wave' substituted by `hsb' on input line 1371.
)
(e:/Program Files/texlive/2020/texmf-dist/tex/generic/pgf/basiclayer/pgfcore.co
de.tex
Package: pgfcore 2020/01/08 v3.1.5b (3.1.5b)

(e:/Program Files/texlive/2020/texmf-dist/tex/generic/pgf/math/pgfmath.code.tex

(e:/Program Files/texlive/2020/texmf-dist/tex/generic/pgf/math/pgfmathcalc.code
.tex
(e:/Program Files/texlive/2020/texmf-dist/tex/generic/pgf/math/pgfmathutil.code
.tex)
(e:/Program Files/texlive/2020/texmf-dist/tex/generic/pgf/math/pgfmathparser.co
de.tex
\pgfmath@dimen=\dimen194
\pgfmath@count=\count302
\pgfmath@box=\box54
\pgfmath@toks=\toks41
\pgfmath@stack@operand=\toks42
\pgfmath@stack@operation=\toks43
)
(e:/Program Files/texlive/2020/texmf-dist/tex/generic/pgf/math/pgfmathfunctions
.code.tex
(e:/Program Files/texlive/2020/texmf-dist/tex/generic/pgf/math/pgfmathfunctions
.basic.code.tex)
(e:/Program Files/texlive/2020/texmf-dist/tex/generic/pgf/math/pgfmathfunctions
.trigonometric.code.tex)
(e:/Program Files/texlive/2020/texmf-dist/tex/generic/pgf/math/pgfmathfunctions
.random.code.tex)
(e:/Program Files/texlive/2020/texmf-dist/tex/generic/pgf/math/pgfmathfunctions
.comparison.code.tex)
(e:/Program Files/texlive/2020/texmf-dist/tex/generic/pgf/math/pgfmathfunctions
.base.code.tex)
(e:/Program Files/texlive/2020/texmf-dist/tex/generic/pgf/math/pgfmathfunctions
.round.code.tex)
(e:/Program Files/texlive/2020/texmf-dist/tex/generic/pgf/math/pgfmathfunctions
.misc.code.tex)
(e:/Program Files/texlive/2020/texmf-dist/tex/generic/pgf/math/pgfmathfunctions
.integerarithmetics.code.tex)))
(e:/Program Files/texlive/2020/texmf-dist/tex/generic/pgf/math/pgfmathfloat.cod
e.tex
\c@pgfmathroundto@lastzeros=\count303
))
(e:/Program Files/texlive/2020/texmf-dist/tex/generic/pgf/math/pgfint.code.tex)

(e:/Program Files/texlive/2020/texmf-dist/tex/generic/pgf/basiclayer/pgfcorepoi
nts.code.tex
File: pgfcorepoints.code.tex 2020/01/08 v3.1.5b (3.1.5b)
\pgf@picminx=\dimen195
\pgf@picmaxx=\dimen196
\pgf@picminy=\dimen197
\pgf@picmaxy=\dimen198
\pgf@pathminx=\dimen199
\pgf@pathmaxx=\dimen256
\pgf@pathminy=\dimen257
\pgf@pathmaxy=\dimen258
\pgf@xx=\dimen259
\pgf@xy=\dimen260
\pgf@yx=\dimen261
\pgf@yy=\dimen262
\pgf@zx=\dimen263
\pgf@zy=\dimen264
)
(e:/Program Files/texlive/2020/texmf-dist/tex/generic/pgf/basiclayer/pgfcorepat
hconstruct.code.tex
File: pgfcorepathconstruct.code.tex 2020/01/08 v3.1.5b (3.1.5b)
\pgf@path@lastx=\dimen265
\pgf@path@lasty=\dimen266
)
(e:/Program Files/texlive/2020/texmf-dist/tex/generic/pgf/basiclayer/pgfcorepat
husage.code.tex
File: pgfcorepathusage.code.tex 2020/01/08 v3.1.5b (3.1.5b)
\pgf@shorten@end@additional=\dimen267
\pgf@shorten@start@additional=\dimen268
)
(e:/Program Files/texlive/2020/texmf-dist/tex/generic/pgf/basiclayer/pgfcoresco
pes.code.tex
File: pgfcorescopes.code.tex 2020/01/08 v3.1.5b (3.1.5b)
\pgfpic=\box55
\pgf@hbox=\box56
\pgf@layerbox@main=\box57
\pgf@picture@serial@count=\count304
)
(e:/Program Files/texlive/2020/texmf-dist/tex/generic/pgf/basiclayer/pgfcoregra
phicstate.code.tex
File: pgfcoregraphicstate.code.tex 2020/01/08 v3.1.5b (3.1.5b)
\pgflinewidth=\dimen269
)
(e:/Program Files/texlive/2020/texmf-dist/tex/generic/pgf/basiclayer/pgfcoretra
nsformations.code.tex
File: pgfcoretransformations.code.tex 2020/01/08 v3.1.5b (3.1.5b)
\pgf@pt@x=\dimen270
\pgf@pt@y=\dimen271
\pgf@pt@temp=\dimen272
)
(e:/Program Files/texlive/2020/texmf-dist/tex/generic/pgf/basiclayer/pgfcorequi
ck.code.tex
File: pgfcorequick.code.tex 2020/01/08 v3.1.5b (3.1.5b)
)
(e:/Program Files/texlive/2020/texmf-dist/tex/generic/pgf/basiclayer/pgfcoreobj
ects.code.tex
File: pgfcoreobjects.code.tex 2020/01/08 v3.1.5b (3.1.5b)
)
(e:/Program Files/texlive/2020/texmf-dist/tex/generic/pgf/basiclayer/pgfcorepat
hprocessing.code.tex
File: pgfcorepathprocessing.code.tex 2020/01/08 v3.1.5b (3.1.5b)
)
(e:/Program Files/texlive/2020/texmf-dist/tex/generic/pgf/basiclayer/pgfcorearr
ows.code.tex
File: pgfcorearrows.code.tex 2020/01/08 v3.1.5b (3.1.5b)
\pgfarrowsep=\dimen273
)
(e:/Program Files/texlive/2020/texmf-dist/tex/generic/pgf/basiclayer/pgfcoresha
de.code.tex
File: pgfcoreshade.code.tex 2020/01/08 v3.1.5b (3.1.5b)
\pgf@max=\dimen274
\pgf@sys@shading@range@num=\count305
\pgf@shadingcount=\count306
)
(e:/Program Files/texlive/2020/texmf-dist/tex/generic/pgf/basiclayer/pgfcoreima
ge.code.tex
File: pgfcoreimage.code.tex 2020/01/08 v3.1.5b (3.1.5b)

(e:/Program Files/texlive/2020/texmf-dist/tex/generic/pgf/basiclayer/pgfcoreext
ernal.code.tex
File: pgfcoreexternal.code.tex 2020/01/08 v3.1.5b (3.1.5b)
\pgfexternal@startupbox=\box58
))
(e:/Program Files/texlive/2020/texmf-dist/tex/generic/pgf/basiclayer/pgfcorelay
ers.code.tex
File: pgfcorelayers.code.tex 2020/01/08 v3.1.5b (3.1.5b)
)
(e:/Program Files/texlive/2020/texmf-dist/tex/generic/pgf/basiclayer/pgfcoretra
nsparency.code.tex
File: pgfcoretransparency.code.tex 2020/01/08 v3.1.5b (3.1.5b)
)
(e:/Program Files/texlive/2020/texmf-dist/tex/generic/pgf/basiclayer/pgfcorepat
terns.code.tex
File: pgfcorepatterns.code.tex 2020/01/08 v3.1.5b (3.1.5b)
)
(e:/Program Files/texlive/2020/texmf-dist/tex/generic/pgf/basiclayer/pgfcorerdf
.code.tex
File: pgfcorerdf.code.tex 2020/01/08 v3.1.5b (3.1.5b)
)))
(e:/Program Files/texlive/2020/texmf-dist/tex/generic/pgf/modules/pgfmoduleshap
es.code.tex
File: pgfmoduleshapes.code.tex 2020/01/08 v3.1.5b (3.1.5b)
\pgfnodeparttextbox=\box59
)
(e:/Program Files/texlive/2020/texmf-dist/tex/generic/pgf/modules/pgfmoduleplot
.code.tex
File: pgfmoduleplot.code.tex 2020/01/08 v3.1.5b (3.1.5b)
)
(e:/Program Files/texlive/2020/texmf-dist/tex/latex/pgf/compatibility/pgfcomp-v
ersion-0-65.sty
Package: pgfcomp-version-0-65 2020/01/08 v3.1.5b (3.1.5b)
\pgf@nodesepstart=\dimen275
\pgf@nodesepend=\dimen276
)
(e:/Program Files/texlive/2020/texmf-dist/tex/latex/pgf/compatibility/pgfcomp-v
ersion-1-18.sty
Package: pgfcomp-version-1-18 2020/01/08 v3.1.5b (3.1.5b)
))
(e:/Program Files/texlive/2020/texmf-dist/tex/latex/tools/verbatim.sty
Package: verbatim 2019/11/10 v1.5r LaTeX2e package for verbatim enhancements
\every@verbatim=\toks44
\verbatim@line=\toks45
\verbatim@in@stream=\read4
)
(e:/Program Files/texlive/2020/texmf-dist/tex/latex/environ/environ.sty
Package: environ 2014/05/04 v0.3 A new way to define environments

(e:/Program Files/texlive/2020/texmf-dist/tex/latex/trimspaces/trimspaces.sty
Package: trimspaces 2009/09/17 v1.1 Trim spaces around a token list
))
\tcb@titlebox=\box60
\tcb@upperbox=\box61
\tcb@lowerbox=\box62
\tcb@phantombox=\box63
\c@tcbbreakpart=\count307
\c@tcblayer=\count308
\tcolorbox@number=\count309
\tcb@temp=\box64
\tcb@temp=\box65
\tcb@temp=\box66
\tcb@temp=\box67
\tcb@out=\write4
\tcb@record@out=\write5

(e:/Program Files/texlive/2020/texmf-dist/tex/latex/tcolorbox/tcbraster.code.te
x
Library (tcolorbox): 'tcbraster.code.tex' version '4.22'
\c@tcbrastercolumn=\count310
\c@tcbrasterrow=\count311
\c@tcbraster=\count312
)
(e:/Program Files/texlive/2020/texmf-dist/tex/latex/tcolorbox/tcbskins.code.tex
Library (tcolorbox): 'tcbskins.code.tex' version '4.22'
(e:/Program Files/texlive/2020/texmf-dist/tex/latex/pgf/frontendlayer/tikz.sty
(e:/Program Files/texlive/2020/texmf-dist/tex/latex/pgf/utilities/pgffor.sty
(e:/Program Files/texlive/2020/texmf-dist/tex/latex/pgf/utilities/pgfkeys.sty
(e:/Program Files/texlive/2020/texmf-dist/tex/generic/pgf/utilities/pgfkeys.cod
e.tex))
(e:/Program Files/texlive/2020/texmf-dist/tex/latex/pgf/math/pgfmath.sty
(e:/Program Files/texlive/2020/texmf-dist/tex/generic/pgf/math/pgfmath.code.tex
))
(e:/Program Files/texlive/2020/texmf-dist/tex/generic/pgf/utilities/pgffor.code
.tex
Package: pgffor 2020/01/08 v3.1.5b (3.1.5b)

(e:/Program Files/texlive/2020/texmf-dist/tex/generic/pgf/math/pgfmath.code.tex
)
\pgffor@iter=\dimen277
\pgffor@skip=\dimen278
\pgffor@stack=\toks46
\pgffor@toks=\toks47
))
(e:/Program Files/texlive/2020/texmf-dist/tex/generic/pgf/frontendlayer/tikz/ti
kz.code.tex
Package: tikz 2020/01/08 v3.1.5b (3.1.5b)

(e:/Program Files/texlive/2020/texmf-dist/tex/generic/pgf/libraries/pgflibraryp
lothandlers.code.tex
File: pgflibraryplothandlers.code.tex 2020/01/08 v3.1.5b (3.1.5b)
\pgf@plot@mark@count=\count313
\pgfplotmarksize=\dimen279
)
\tikz@lastx=\dimen280
\tikz@lasty=\dimen281
\tikz@lastxsaved=\dimen282
\tikz@lastysaved=\dimen283
\tikz@lastmovetox=\dimen284
\tikz@lastmovetoy=\dimen285
\tikzleveldistance=\dimen286
\tikzsiblingdistance=\dimen287
\tikz@figbox=\box68
\tikz@figbox@bg=\box69
\tikz@tempbox=\box70
\tikz@tempbox@bg=\box71
\tikztreelevel=\count314
\tikznumberofchildren=\count315
\tikznumberofcurrentchild=\count316
\tikz@fig@count=\count317

(e:/Program Files/texlive/2020/texmf-dist/tex/generic/pgf/modules/pgfmodulematr
ix.code.tex
File: pgfmodulematrix.code.tex 2020/01/08 v3.1.5b (3.1.5b)
\pgfmatrixcurrentrow=\count318
\pgfmatrixcurrentcolumn=\count319
\pgf@matrix@numberofcolumns=\count320
)
\tikz@expandcount=\count321

(e:/Program Files/texlive/2020/texmf-dist/tex/generic/pgf/frontendlayer/tikz/li
braries/tikzlibrarytopaths.code.tex
File: tikzlibrarytopaths.code.tex 2020/01/08 v3.1.5b (3.1.5b)
)))
\tcb@waterbox=\box72

(e:/Program Files/texlive/2020/texmf-dist/tex/latex/tcolorbox/tcbskinsjigsaw.co
de.tex
Library (tcolorbox): 'tcbskinsjigsaw.code.tex' version '4.22'
))
(e:/Program Files/texlive/2020/texmf-dist/tex/latex/tcolorbox/tcbbreakable.code
.tex
Library (tcolorbox): 'tcbbreakable.code.tex' version '4.22'
\tcb@testbox=\box73
\tcb@totalupperbox=\box74
\tcb@totallowerbox=\box75
)
(e:/Program Files/texlive/2020/texmf-dist/tex/latex/tcolorbox/tcbhooks.code.tex
Library (tcolorbox): 'tcbhooks.code.tex' version '4.22'
)
(e:/Program Files/texlive/2020/texmf-dist/tex/latex/tcolorbox/tcbtheorems.code.
tex
Library (tcolorbox): 'tcbtheorems.code.tex' version '4.22'
)
(e:/Program Files/texlive/2020/texmf-dist/tex/latex/tcolorbox/tcbfitting.code.t
ex
Library (tcolorbox): 'tcbfitting.code.tex' version '4.22'
\tcbfitdim=\dimen288
\tcb@lowerfitdim=\dimen289
\tcb@upperfitdim=\dimen290
\tcb@cur@hbadness=\count322
)
(e:/Program Files/texlive/2020/texmf-dist/tex/latex/tcolorbox/tcbxparse.code.te
x
Library (tcolorbox): 'tcbxparse.code.tex' version '4.22'
)
(e:/Program Files/texlive/2020/texmf-dist/tex/latex/tcolorbox/tcblistingsutf8.c
ode.tex
Library (tcolorbox): 'tcblistingsutf8.code.tex' version '4.22'

(e:/Program Files/texlive/2020/texmf-dist/tex/latex/listingsutf8/listingsutf8.s
ty
Package: listingsutf8 2019-12-10 v1.5 Allow UTF-8 in listings input (HO)
 (e:/Program Files/texlive/2020/texmf-dist/tex/latex/listings/listings.sty
\lst@mode=\count323
\lst@gtempboxa=\box76
\lst@token=\toks48
\lst@length=\count324
\lst@currlwidth=\dimen291
\lst@column=\count325
\lst@pos=\count326
\lst@lostspace=\dimen292
\lst@width=\dimen293
\lst@newlines=\count327
\lst@lineno=\count328
\lst@maxwidth=\dimen294

(e:/Program Files/texlive/2020/texmf-dist/tex/latex/listings/lstmisc.sty
File: lstmisc.sty 2020/03/24 1.8d (Carsten Heinz)
\c@lstnumber=\count329
\lst@skipnumbers=\count330
\lst@framebox=\box77
)
(e:/Program Files/texlive/2020/texmf-dist/tex/latex/listings/listings.cfg
File: listings.cfg 2020/03/24 1.8d listings configuration
))
Package: listings 2020/03/24 1.8d (Carsten Heinz)


Package listingsutf8 Warning: Package loading is aborted because of missing \pd
f@unescapehex.
(listingsutf8)                It is provided by pdfTeX >= 1.30.

)
(e:/Program Files/texlive/2020/texmf-dist/tex/latex/tcolorbox/tcblistings.code.
tex
Library (tcolorbox): 'tcblistings.code.tex' version '4.22'

(e:/Program Files/texlive/2020/texmf-dist/tex/latex/tcolorbox/tcblistingscore.c
ode.tex
Library (tcolorbox): 'tcblistingscore.code.tex' version '4.22'

(e:/Program Files/texlive/2020/texmf-dist/tex/latex/tcolorbox/tcbprocessing.cod
e.tex
Library (tcolorbox): 'tcbprocessing.code.tex' version '4.22'
(e:/Program Files/texlive/2020/texmf-dist/tex/latex/tools/shellesc.sty
Package: shellesc 2019/11/08 v1.0c unified shell escape interface for LaTeX
Package shellesc Info: Restricted shell escape enabled on input line 77.
))
\c@tcblisting=\count331
)))
(e:/Program Files/texlive/2020/texmf-dist/tex/latex/tcolorbox/tcbexternal.code.
tex
Library (tcolorbox): 'tcbexternal.code.tex' version '4.22'
)
(e:/Program Files/texlive/2020/texmf-dist/tex/latex/tcolorbox/tcbmagazine.code.
tex
Library (tcolorbox): 'tcbmagazine.code.tex' version '4.22'
)
(e:/Program Files/texlive/2020/texmf-dist/tex/latex/tcolorbox/tcbvignette.code.
tex
Library (tcolorbox): 'tcbvignette.code.tex' version '4.22'

(e:/Program Files/texlive/2020/texmf-dist/tex/generic/pgf/frontendlayer/tikz/li
braries/tikzlibraryfadings.code.tex
File: tikzlibraryfadings.code.tex 2020/01/08 v3.1.5b (3.1.5b)

(e:/Program Files/texlive/2020/texmf-dist/tex/generic/pgf/libraries/pgflibraryf
adings.code.tex
File: pgflibraryfadings.code.tex 2020/01/08 v3.1.5b (3.1.5b)
)))
(e:/Program Files/texlive/2020/texmf-dist/tex/latex/tcolorbox/tcbposter.code.te
x
Library (tcolorbox): 'tcbposter.code.tex' version '4.22'
)) (e:/Program Files/texlive/2020/texmf-dist/tex/latex/varwidth/varwidth.sty
Package: varwidth 2009/03/30 ver 0.92;  Variable-width minipages
\@vwid@box=\box78
\sift@deathcycles=\count332
\@vwid@loff=\dimen295
\@vwid@roff=\dimen296
)
(e:/Program Files/texlive/2020/texmf-dist/tex/latex/hyperref/nameref.sty
Package: nameref 2019/09/16 v2.46 Cross-referencing by name of section

(e:/Program Files/texlive/2020/texmf-dist/tex/latex/refcount/refcount.sty
Package: refcount 2019/12/15 v3.6 Data extraction from label references (HO)
)
(e:/Program Files/texlive/2020/texmf-dist/tex/generic/gettitlestring/gettitlest
ring.sty
Package: gettitlestring 2019/12/15 v1.6 Cleanup title references (HO)
)
\c@section@level=\count333
)
(e:/Program Files/texlive/2020/texmf-dist/tex/latex/tools/multicol.sty
Package: multicol 2019/12/09 v1.8y multicolumn formatting (FMi)
\c@tracingmulticols=\count334
\mult@box=\box79
\multicol@leftmargin=\dimen297
\c@unbalance=\count335
\c@collectmore=\count336
\doublecol@number=\count337
\multicoltolerance=\count338
\multicolpretolerance=\count339
\full@width=\dimen298
\page@free=\dimen299
\premulticols=\dimen300
\postmulticols=\dimen301
\multicolsep=\skip62
\multicolbaselineskip=\skip63
\partial@page=\box80
\last@line=\box81
\maxbalancingoverflow=\dimen302
\mult@rightbox=\box82
\mult@grightbox=\box83
\mult@gfirstbox=\box84
\mult@firstbox=\box85
\@tempa=\box86
\@tempa=\box87
\@tempa=\box88
\@tempa=\box89
\@tempa=\box90
\@tempa=\box91
\@tempa=\box92
\@tempa=\box93
\@tempa=\box94
\@tempa=\box95
\@tempa=\box96
\@tempa=\box97
\@tempa=\box98
\@tempa=\box99
\@tempa=\box100
\@tempa=\box101
\@tempa=\box102
\@tempa=\box103
\@tempa=\box104
\@tempa=\box105
\@tempa=\box106
\@tempa=\box107
\@tempa=\box108
\@tempa=\box109
\@tempa=\box110
\@tempa=\box111
\@tempa=\box112
\@tempa=\box113
\@tempa=\box114
\@tempa=\box115
\@tempa=\box116
\@tempa=\box117
\@tempa=\box118
\@tempa=\box119
\@tempa=\box120
\@tempa=\box121
\@tempa=\box122
\c@minrows=\count340
\c@columnbadness=\count341
\c@finalcolumnbadness=\count342
\last@try=\dimen303
\multicolovershoot=\dimen304
\multicolundershoot=\dimen305
\mult@nat@firstbox=\box123
\colbreak@box=\box124
\mc@col@check@num=\count343
)
(e:/Program Files/texlive/2020/texmf-dist/tex/latex/tools/array.sty
Package: array 2019/08/31 v2.4l Tabular extension package (FMi)
\col@sep=\dimen306
\ar@mcellbox=\box125
\extrarowheight=\dimen307
\NC@list=\toks49
\extratabsurround=\skip64
\backup@length=\skip65
\ar@cellbox=\box126
)
(e:/Program Files/texlive/2020/texmf-dist/tex/latex/tikz-cd/tikz-cd.sty
Package: tikz-cd 2018/11/19 v0.9f Commutative diagrams with TikZ

(e:/Program Files/texlive/2020/texmf-dist/tex/generic/tikz-cd/tikzlibrarycd.cod
e.tex
(e:/Program Files/texlive/2020/texmf-dist/tex/generic/pgf/frontendlayer/tikz/li
braries/tikzlibrarymatrix.code.tex
File: tikzlibrarymatrix.code.tex 2020/01/08 v3.1.5b (3.1.5b)
)
(e:/Program Files/texlive/2020/texmf-dist/tex/generic/pgf/frontendlayer/tikz/li
braries/tikzlibraryquotes.code.tex
File: tikzlibraryquotes.code.tex 2020/01/08 v3.1.5b (3.1.5b)
)
(e:/Program Files/texlive/2020/texmf-dist/tex/generic/pgf/libraries/pgflibrarya
rrows.meta.code.tex
File: pgflibraryarrows.meta.code.tex 2020/01/08 v3.1.5b (3.1.5b)
\pgfarrowinset=\dimen308
\pgfarrowlength=\dimen309
\pgfarrowwidth=\dimen310
\pgfarrowlinewidth=\dimen311
)))
(e:/Program Files/texlive/2020/texmf-dist/tex/latex/algorithm2e/algorithm2e.sty
Invalid UTF-8 byte or sequence at line 284 replaced by U+FFFD.
Invalid UTF-8 byte or sequence at line 299 replaced by U+FFFD.
Invalid UTF-8 byte or sequence at line 550 replaced by U+FFFD.
Package: algorithm2e 2017/07/18 v5.2 algorithms environments
\c@AlgoLine=\count344
(e:/Program Files/texlive/2020/texmf-dist/tex/latex/base/ifthen.sty
Package: ifthen 2014/09/29 v1.1c Standard LaTeX ifthen package (DPC)
)
\algocf@hangindent=\skip66

(e:/Program Files/texlive/2020/texmf-dist/tex/latex/ifoddpage/ifoddpage.sty
Package: ifoddpage 2016/04/23 v1.1 Conditionals for odd/even page detection
\c@checkoddpage=\count345
)
(e:/Program Files/texlive/2020/texmf-dist/tex/latex/tools/xspace.sty
Package: xspace 2014/10/28 v1.13 Space after command names (DPC,MH)
)
(e:/Program Files/texlive/2020/texmf-dist/tex/latex/relsize/relsize.sty
Package: relsize 2013/03/29 ver 4.1
)
\skiptotal=\skip67
\skiplinenumber=\skip68
\skiprule=\skip69
\skiphlne=\skip70
\skiptext=\skip71
\skiplength=\skip72
\algomargin=\skip73
\skipalgocfslide=\skip74
\algowidth=\dimen312
\inoutsize=\dimen313
\inoutindent=\dimen314
\interspacetitleruled=\dimen315
\interspacealgoruled=\dimen316
\interspacetitleboxruled=\dimen317
\algocf@ruledwidth=\skip75
\algocf@inoutbox=\box127
\algocf@inputbox=\box128
\AlCapSkip=\skip76
\AlCapHSkip=\skip77
\algoskipindent=\skip78
\algocf@nlbox=\box129
\algocf@hangingbox=\box130
\algocf@untilbox=\box131
\algocf@skipuntil=\skip79
\algocf@capbox=\box132
\algocf@lcaptionbox=\skip80
\algoheightruledefault=\skip81
\algoheightrule=\skip82
\algotitleheightruledefault=\skip83
\algotitleheightrule=\skip84
\c@algocfline=\count346
\c@algocfproc=\count347
\c@algocf=\count348
\algocf@algoframe=\box133
\algocf@algobox=\box134
)
(e:/Program Files/texlive/2020/texmf-dist/tex/latex/comment/comment.sty
\CommentStream=\write6

Excluding comment 'comment')
(e:/Program Files/texlive/2020/texmf-dist/tex/latex/import/import.sty
Package: import 2020/01/22  v 6.0
)
(e:/Program Files/texlive/2020/texmf-dist/tex/latex/xifthen/xifthen.sty
Package: xifthen 2015/11/05 v1.4.0 Extended ifthen features

(e:/Program Files/texlive/2020/texmf-dist/tex/latex/ifmtarg/ifmtarg.sty
Package: ifmtarg 2018/04/16 v1.2b check for an empty argument
))
(e:/Program Files/texlive/2020/texmf-dist/tex/latex/pdfpages/pdfpages.sty
Package: pdfpages 2020/01/28 v0.5q Insert pages of external PDF documents (AM)

(e:/Program Files/texlive/2020/texmf-dist/tex/latex/eso-pic/eso-pic.sty
Package: eso-pic 2018/04/12 v2.0h eso-pic (RN)
)
\AM@pagewidth=\dimen318
\AM@pageheight=\dimen319

(e:/Program Files/texlive/2020/texmf-dist/tex/latex/pdfpages/ppxetex.def
File: ppxetex.def 2020/01/28 v0.5q Pdfpages driver for XeTeX (AM)
)
\AM@pagebox=\box135
\AM@global@opts=\toks50
\AM@pagecnt=\count349
\AM@toc@title=\toks51
\c@AM@survey=\count350
\AM@templatesizebox=\box136
)
(e:/Program Files/texlive/2020/texmf-dist/tex/latex/transparent/transparent.sty
Package: transparent 2019/11/29 v1.4 Transparency via pdfTeX's color stack (HO)


Package transparent Warning: Loading aborted, because pdfTeX is not running in 
PDF mode.

)
(e:/Program Files/texlive/2020/texmf-dist/tex/latex/tikzsymbols/tikzsymbols.sty
Package: tikzsymbols 2019/02/08 v4.10c Some symbols created using tikz and LaTe
X3.

(e:/Program Files/texlive/2020/texmf-dist/tex/generic/pgf/frontendlayer/tikz/li
braries/tikzlibraryarrows.code.tex
File: tikzlibraryarrows.code.tex 2020/01/08 v3.1.5b (3.1.5b)

(e:/Program Files/texlive/2020/texmf-dist/tex/generic/pgf/libraries/pgflibrarya
rrows.code.tex
File: pgflibraryarrows.code.tex 2020/01/08 v3.1.5b (3.1.5b)
\arrowsize=\dimen320
))
(e:/Program Files/texlive/2020/texmf-dist/tex/generic/pgf/frontendlayer/tikz/li
braries/tikzlibrarydecorations.pathmorphing.code.tex
(e:/Program Files/texlive/2020/texmf-dist/tex/generic/pgf/frontendlayer/tikz/li
braries/tikzlibrarydecorations.code.tex
(e:/Program Files/texlive/2020/texmf-dist/tex/generic/pgf/modules/pgfmoduledeco
rations.code.tex
\pgfdecoratedcompleteddistance=\dimen321
\pgfdecoratedremainingdistance=\dimen322
\pgfdecoratedinputsegmentcompleteddistance=\dimen323
\pgfdecoratedinputsegmentremainingdistance=\dimen324
\pgf@decorate@distancetomove=\dimen325
\pgf@decorate@repeatstate=\count351
\pgfdecorationsegmentamplitude=\dimen326
\pgfdecorationsegmentlength=\dimen327
)
\tikz@lib@dec@box=\box137
)
(e:/Program Files/texlive/2020/texmf-dist/tex/generic/pgf/libraries/decorations
/pgflibrarydecorations.pathmorphing.code.tex))
(e:/Program Files/texlive/2020/texmf-dist/tex/generic/pgf/frontendlayer/tikz/li
braries/tikzlibrarytrees.code.tex
File: tikzlibrarytrees.code.tex 2020/01/08 v3.1.5b (3.1.5b)
)
\l__tikzsymbols_Moai_thickness_dim=\dimen328
)
\c@tcb@cnt@Theorem=\count352
\c@tcb@cnt@theorem=\count353
\c@tcb@cnt@Corollary=\count354
\c@tcb@cnt@corollary=\count355
\c@tcb@cnt@Lenma=\count356
\c@tcb@cnt@lenma=\count357
\c@tcb@cnt@Prop=\count358
\c@tcb@cnt@prop=\count359
\c@tcb@cnt@claim=\count360
\c@tcb@cnt@Exercise=\count361
\c@tcb@cnt@exercise=\count362
\c@tcb@cnt@Example=\count363
\c@tcb@cnt@example=\count364
\c@tcb@cnt@Definition=\count365
\c@tcb@cnt@definition=\count366
\c@tcb@cnt@question=\count367
\c@tcb@cnt@qstion=\count368
\c@tcb@cnt@wconc=\count369

(e:/Program Files/texlive/2020/texmf-dist/tex/generic/pgf/frontendlayer/tikz/li
braries/tikzlibrarycalc.code.tex
File: tikzlibrarycalc.code.tex 2020/01/08 v3.1.5b (3.1.5b)
)
(e:/Program Files/texlive/2020/texmf-dist/tex/latex/pgf-blur/tikzlibraryshadows
.blur.code.tex  v1.02, 2012/12/09
(e:/Program Files/texlive/2020/texmf-dist/tex/generic/pgf/frontendlayer/tikz/li
braries/tikzlibraryshadows.code.tex
File: tikzlibraryshadows.code.tex 2020/01/08 v3.1.5b (3.1.5b)
)
\pgfbs@fading@count=\count370
)
\c@mylabelcounter=\count371
\diffdbox=\box138

(e:/Program Files/texlive/2020/texmf-dist/tex/latex/titlesec/titletoc.sty
Package: titletoc 2019/10/16 v2.13 TOC entries
\ttl@leftsep=\dimen329
))
(./includes/macros.tex) (./includes/letterfonts.tex) (./complete_notes.aux

LaTeX Warning: Label `fig:l3_f1' multiply defined.


LaTeX Warning: Label `fig:f1' multiply defined.


LaTeX Warning: Label `fig:f1' multiply defined.


LaTeX Warning: Label `fig:f1' multiply defined.


LaTeX Warning: Label `fig:f1' multiply defined.


LaTeX Warning: Label `fig:f1' multiply defined.


LaTeX Warning: Label `fig:f1' multiply defined.


LaTeX Warning: Label `fig:f1' multiply defined.


LaTeX Warning: Label `fig:f1' multiply defined.


LaTeX Warning: Label `fig:f1' multiply defined.


LaTeX Warning: Label `fig:f1' multiply defined.


LaTeX Warning: Label `fig:f1' multiply defined.


LaTeX Warning: Label `fig:f1' multiply defined.


LaTeX Warning: Label `fig:f1' multiply defined.


LaTeX Warning: Label `fig:f1' multiply defined.


LaTeX Warning: Label `fig:f1' multiply defined.


LaTeX Warning: Label `fig:f1' multiply defined.


LaTeX Warning: Label `fig:f1' multiply defined.


LaTeX Warning: Label `fig:f1' multiply defined.


LaTeX Warning: Label `fig:f1' multiply defined.


LaTeX Warning: Label `fig:f1' multiply defined.


LaTeX Warning: Label `fig:f1' multiply defined.


LaTeX Warning: Label `fig:f1' multiply defined.


LaTeX Warning: Label `fig:f1' multiply defined.


LaTeX Warning: Label `fig:f1' multiply defined.


LaTeX Warning: Label `fig:f1' multiply defined.


LaTeX Warning: Label `fig:f1' multiply defined.


LaTeX Warning: Label `reference1' multiply defined.


LaTeX Warning: Label `reference2' multiply defined.


LaTeX Warning: Label `fig:f1' multiply defined.


LaTeX Warning: Label `fig:f1' multiply defined.


LaTeX Warning: Label `fig:f1' multiply defined.


LaTeX Warning: Label `fig:f1' multiply defined.


LaTeX Warning: Label `fig:f1' multiply defined.


LaTeX Warning: Label `fig:f1' multiply defined.


LaTeX Warning: Label `fig:f1' multiply defined.


LaTeX Warning: Label `fig:f1' multiply defined.


LaTeX Warning: Label `fig:f1' multiply defined.


LaTeX Warning: Label `fig:f1' multiply defined.


LaTeX Warning: Label `reference1' multiply defined.


LaTeX Warning: Label `reference2' multiply defined.


LaTeX Warning: Label `reference3' multiply defined.


LaTeX Warning: Label `fig:f1' multiply defined.


LaTeX Warning: Label `fig:f1' multiply defined.


LaTeX Warning: Label `fig:f1' multiply defined.


LaTeX Warning: Label `fig:f1' multiply defined.


LaTeX Warning: Label `fig:f1' multiply defined.


LaTeX Warning: Label `fig:f1' multiply defined.


LaTeX Warning: Label `fig:f1' multiply defined.


LaTeX Warning: Label `fig:f1' multiply defined.


LaTeX Warning: Label `fig:f1' multiply defined.

)
\openout1 = `complete_notes.aux'.

LaTeX Font Info:    Checking defaults for OML/npxmi/m/it on input line 14.
LaTeX Font Info:    Trying to load font information for OML+npxmi on input line
 14.
 (e:/Program Files/texlive/2020/texmf-dist/tex/latex/newpx/omlnpxmi.fd
File: omlnpxmi.fd 2013/03/21 Fontinst v1.933 font definitions for OML/npxmi.
)
LaTeX Font Info:    ... okay on input line 14.
LaTeX Font Info:    Checking defaults for OMS/cmsy/m/n on input line 14.
LaTeX Font Info:    ... okay on input line 14.
LaTeX Font Info:    Checking defaults for OT1/cmr/m/n on input line 14.
LaTeX Font Info:    ... okay on input line 14.
LaTeX Font Info:    Checking defaults for T1/cmr/m/n on input line 14.
LaTeX Font Info:    ... okay on input line 14.
LaTeX Font Info:    Checking defaults for TS1/cmr/m/n on input line 14.
LaTeX Font Info:    Trying to load font information for TS1+cmr on input line 1
4.

(e:/Program Files/texlive/2020/texmf-dist/tex/latex/base/ts1cmr.fd
File: ts1cmr.fd 2019/12/16 v2.5j Standard LaTeX font definitions
)
LaTeX Font Info:    ... okay on input line 14.
LaTeX Font Info:    Checking defaults for TU/lmr/m/n on input line 14.
LaTeX Font Info:    ... okay on input line 14.
LaTeX Font Info:    Checking defaults for OMX/cmex/m/n on input line 14.
LaTeX Font Info:    ... okay on input line 14.
LaTeX Font Info:    Checking defaults for U/npxexa/m/n on input line 14.
LaTeX Font Info:    Trying to load font information for U+npxexa on input line 
14.

(e:/Program Files/texlive/2020/texmf-dist/tex/latex/newpx/unpxexa.fd
File: unpxexa.fd 2013/03/24 Fontinst v1.933 font definitions for U/npxexa.
)
LaTeX Font Info:    ... okay on input line 14.
LaTeX Font Info:    Checking defaults for LMS/npxsy/m/n on input line 14.
LaTeX Font Info:    Trying to load font information for LMS+npxsy on input line
 14.

(e:/Program Files/texlive/2020/texmf-dist/tex/latex/newpx/lmsnpxsy.fd
File: lmsnpxsy.fd 2016/07/04 Fontinst v1.933 font definitions for LMS/npxsy.
)
LaTeX Font Info:    ... okay on input line 14.
LaTeX Font Info:    Checking defaults for LMX/npxexx/m/n on input line 14.
LaTeX Font Info:    Trying to load font information for LMX+npxexx on input lin
e 14.

(e:/Program Files/texlive/2020/texmf-dist/tex/latex/newpx/lmxnpxexx.fd
File: lmxnpxexx.fd 2016/07/04 Fontinst v1.933 font definitions for LMX/npxexx.
)
LaTeX Font Info:    ... okay on input line 14.
LaTeX Font Info:    Checking defaults for PD1/pdf/m/n on input line 14.
LaTeX Font Info:    ... okay on input line 14.
LaTeX Font Info:    Checking defaults for PU/pdf/m/n on input line 14.
LaTeX Font Info:    ... okay on input line 14.
Package caption Info: Begin \AtBeginDocument code.
Package caption Info: hyperref package is loaded.
Package caption Info: listings package is loaded.
Package caption Info: End \AtBeginDocument code.

*geometry* driver: auto-detecting
*geometry* detected driver: xetex
*geometry* verbose mode - [ preamble ] result:
* driver: xetex
* paper: <default>
* layout: <same size as paper>
* layoutoffset:(h,v)=(0.0pt,0.0pt)
* modes: 
* h-part:(L,W,R)=(61.42993pt, 491.43513pt, 61.42993pt)
* v-part:(T,H,B)=(61.42993pt, 676.63455pt, 56.9055pt)
* \paperwidth=614.295pt
* \paperheight=794.96999pt
* \textwidth=491.43513pt
* \textheight=676.63455pt
* \oddsidemargin=-10.84006pt
* \evensidemargin=-10.84006pt
* \topmargin=-47.84006pt
* \headheight=12.0pt
* \headsep=25.0pt
* \topskip=10.0pt
* \footskip=14.45377pt
* \marginparwidth=65.0pt
* \marginparsep=11.0pt
* \columnsep=10.0pt
* \skip\footins=9.0pt plus 4.0pt minus 2.0pt
* \hoffset=0.0pt
* \voffset=0.0pt
* \mag=1000
* \@twocolumnfalse
* \@twosidefalse
* \@mparswitchfalse
* \@reversemarginfalse
* (1in=72.27pt=25.4mm, 1cm=28.453pt)

\AtBeginShipoutBox=\box139
Package hyperref Info: Link coloring ON on input line 14.
LaTeX Info: Redefining \ref on input line 14.
LaTeX Info: Redefining \pageref on input line 14.
LaTeX Info: Redefining \nameref on input line 14.
ABD: EveryShipout initializing macros
\c@lstlisting=\count372

(e:/Program Files/texlive/2020/texmf-dist/tex/latex/base/inputenc.sty
Package: inputenc 2018/08/11 v1.3c Input encoding file
\inpenc@prehook=\toks52
\inpenc@posthook=\toks53
)
(e:/Program Files/texlive/2020/texmf-dist/tex/latex/pdflscape/pdflscape.sty
Package: pdflscape 2019/12/05 v0.12 Display of landscape pages in PDF (HO)

(e:/Program Files/texlive/2020/texmf-dist/tex/latex/graphics/lscape.sty
Package: lscape 2000/10/22 v3.01 Landscape Pages (DPC)
)
Package pdflscape Info: Auto-detected driver: dvipdfm (xetex) on input line 98.

)
LaTeX Font Info:    Trying to load font information for OT1+lmr on input line 1
7.

(e:/Program Files/texlive/2020/texmf-dist/tex/latex/lm/ot1lmr.fd
File: ot1lmr.fd 2009/10/30 v1.6 Font defs for Latin Modern
)
LaTeX Font Info:    Trying to load font information for U+msa on input line 17.


(e:/Program Files/texlive/2020/texmf-dist/tex/latex/amsfonts/umsa.fd
File: umsa.fd 2013/01/14 v3.01 AMS symbols A
)
LaTeX Font Info:    Trying to load font information for U+msb on input line 17.


(e:/Program Files/texlive/2020/texmf-dist/tex/latex/amsfonts/umsb.fd
File: umsb.fd 2013/01/14 v3.01 AMS symbols B
)
LaTeX Font Info:    Trying to load font information for U+npxmia on input line 
17.

(e:/Program Files/texlive/2020/texmf-dist/tex/latex/newpx/unpxmia.fd
File: unpxmia.fd 2013/03/24 Fontinst v1.933 font definitions for U/npxmia.
)
LaTeX Font Info:    Trying to load font information for U+npxsym on input line 
17.

(e:/Program Files/texlive/2020/texmf-dist/tex/latex/newpx/unpxsym.fd
File: unpxsym.fd 2015/03/21 Fontinst v1.933 font definitions for U/npxsym.
)
LaTeX Font Info:    Trying to load font information for U+npxsyc on input line 
17.

(e:/Program Files/texlive/2020/texmf-dist/tex/latex/newpx/unpxsyc.fd
File: unpxsyc.fd 2013/03/24 Fontinst v1.933 font definitions for U/npxsyc.
) [1

]

LaTeX Font Warning: Font shape `TU/lmr/bx/sc' undefined
(Font)              using `TU/lmr/bx/n' instead on input line 20.

Missing character: There is no ; in font nullfont!
Missing character: There is no ; in font nullfont!
(./complete_notes.toc
Missing character: There is no ; in font nullfont!
Missing character: There is no ; in font nullfont!
Missing character: There is no ; in font nullfont!
Missing character: There is no ; in font nullfont!
 [1

]
Missing character: There is no ; in font nullfont!
Missing character: There is no ; in font nullfont!
Missing character: There is no ; in font nullfont!
Missing character: There is no ; in font nullfont!
Missing character: There is no ; in font nullfont!
 [2]
Missing character: There is no ; in font nullfont!
Missing character: There is no ; in font nullfont!
Missing character: There is no ; in font nullfont!
Missing character: There is no ; in font nullfont!
 [3]
Missing character: There is no ; in font nullfont!
Missing character: There is no ; in font nullfont!
Missing character: There is no ; in font nullfont!
Missing character: There is no ; in font nullfont!
Missing character: There is no ; in font nullfont!
 [4]
Missing character: There is no ; in font nullfont!
Missing character: There is no ; in font nullfont!
Missing character: There is no ; in font nullfont!
Missing character: There is no ; in font nullfont!
)
\tf@toc=\write7
\openout7 = `complete_notes.toc'.

 [5] [6] (./Lectures/1.tex
Chapter 1.
[7

]
File: Fig/L1_F1.png Graphic file (type bmp)
<Fig/L1_F1.png>
File: Fig/L1_F4.png Graphic file (type bmp)
<Fig/L1_F4.png>

Underfull \hbox (badness 10000) in paragraph at lines 42--52

 []

[8]
File: Fig/L1_F2.png Graphic file (type bmp)
<Fig/L1_F2.png>

Underfull \hbox (badness 10000) in paragraph at lines 54--67

 []


Underfull \hbox (badness 10000) in paragraph at lines 54--67

 []


Underfull \hbox (badness 10000) in paragraph at lines 54--67

 []

[9]
File: Fig/L1_F3.png Graphic file (type bmp)
<Fig/L1_F3.png>
 [10]
Underfull \hbox (badness 10000) in paragraph at lines 111--115

 []

) (./Lectures/2.tex [11] [12]
Chapter 2.

Underfull \hbox (badness 10000) in paragraph at lines 2--5

 []

[13

]
Underfull \hbox (badness 10000) in paragraph at lines 31--36

 []


Underfull \hbox (badness 10000) in paragraph at lines 31--36

 []


Underfull \hbox (badness 10000) in paragraph at lines 37--41

 []


Underfull \hbox (badness 10000) in paragraph at lines 42--46

 []

File: Fig/L2_F1.png Graphic file (type bmp)
<Fig/L2_F1.png>

Underfull \hbox (badness 10000) in paragraph at lines 54--57

 []

[14]
File: Fig/L2_F2.png Graphic file (type bmp)
<Fig/L2_F2.png>
 [15]
File: Fig/L2_F4.jpg Graphic file (type bmp)
<Fig/L2_F4.jpg>
File: Fig/L2_F3.png Graphic file (type bmp)
<Fig/L2_F3.png>
 [16] [17]) (./Lectures/3.tex [18]
Chapter 3.

Underfull \hbox (badness 10000) in paragraph at lines 5--9

 []


Underfull \hbox (badness 10000) in paragraph at lines 5--9

 []


Underfull \hbox (badness 10000) in paragraph at lines 5--9

 []


Underfull \hbox (badness 10000) in paragraph at lines 11--15

 []


Underfull \hbox (badness 10000) in paragraph at lines 11--15

 []

[19

]
Underfull \hbox (badness 10000) in paragraph at lines 31--35

 []


Underfull \hbox (badness 10000) in paragraph at lines 45--48

 []


Underfull \hbox (badness 10000) in paragraph at lines 45--48

 []

[20]
Underfull \hbox (badness 10000) in paragraph at lines 50--52

 []


Underfull \hbox (badness 10000) in paragraph at lines 71--73

 []

File: Fig/L3_F1.png Graphic file (type bmp)
<Fig/L3_F1.png>

LaTeX Warning: `!h' float specifier changed to `!ht'.

[21]
File: Fig/L3_F2.png Graphic file (type bmp)
<Fig/L3_F2.png>

Underfull \hbox (badness 10000) in paragraph at lines 93--97

 []

[22]
File: Fig/L3_F3.jpg Graphic file (type bmp)
<Fig/L3_F3.jpg>

Underfull \hbox (badness 10000) in paragraph at lines 130--133

 []

[23]
File: Fig/L3_F4.jpg Graphic file (type bmp)
<Fig/L3_F4.jpg>


Package hyperref Warning: Token not allowed in a PDF string (Unicode):
(hyperref)                removing `math shift' on input line 152.


Package hyperref Warning: Token not allowed in a PDF string (Unicode):
(hyperref)                removing `math shift' on input line 152.

[24]
Underfull \hbox (badness 10000) in paragraph at lines 165--171

 []

[25]
Underfull \hbox (badness 10000) in paragraph at lines 172--180

 []

[26]
Missing character: There is no  in font [lmroman10-regular]:mapping=tex-text;!
 [27]
File: Fig/L3_F5.jpg Graphic file (type bmp)
<Fig/L3_F5.jpg>
 [28]) (./Lectures/4.tex [29

]
Chapter 4.
File: Fig/L4_F1.png Graphic file (type bmp)
<Fig/L4_F1.png>

LaTeX Warning: `!h' float specifier changed to `!ht'.

File: Fig/L4_F2.png Graphic file (type bmp)
<Fig/L4_F2.png>

LaTeX Warning: `!h' float specifier changed to `!ht'.

[30

]
Underfull \hbox (badness 10000) in paragraph at lines 47--47

 []

[31]
File: Fig/L4_F3.png Graphic file (type bmp)
<Fig/L4_F3.png>


LaTeX Warning: `!h' float specifier changed to `!ht'.

[32]
File: Fig/L4_F4.png Graphic file (type bmp)
<Fig/L4_F4.png>


LaTeX Warning: `!h' float specifier changed to `!ht'.

[33]
Underfull \hbox (badness 10000) in paragraph at lines 117--119

 []

[34]
Underfull \hbox (badness 10000) in paragraph at lines 121--123

 []

File: Fig/L4_F5.png Graphic file (type bmp)
<Fig/L4_F5.png>
[35]
File: Fig/L4_F6.png Graphic file (type bmp)
<Fig/L4_F6.png>
File: Fig/L4_F7.png Graphic file (type bmp)
<Fig/L4_F7.png>

Underfull \hbox (badness 10000) in paragraph at lines 156--164

 []


Underfull \hbox (badness 10000) in paragraph at lines 165--167

 []

[36]
Underfull \hbox (badness 10000) in paragraph at lines 169--172

 []

File: Fig/L4_F8.png Graphic file (type bmp)
<Fig/L4_F8.png>
[37]
Underfull \hbox (badness 10000) in paragraph at lines 185--188

 []

File: Fig/L4_F10.png Graphic file (type bmp)
<Fig/L4_F10.png>
File: Fig/L4_F11.png Graphic file (type bmp)
<Fig/L4_F11.png>

LaTeX Warning: `!h' float specifier changed to `!ht'.

File: Fig/L4_F12.png Graphic file (type bmp)
<Fig/L4_F12.png>
[38]
Underfull \hbox (badness 10000) in paragraph at lines 219--222

 []

File: Fig/L4_F13.png Graphic file (type bmp)
<Fig/L4_F13.png>
File: Fig/L4_F14.png Graphic file (type bmp)
<Fig/L4_F14.png>

LaTeX Warning: `!h' float specifier changed to `!ht'.

[39]
File: Fig/L4_F9.png Graphic file (type bmp)
<Fig/L4_F9.png>
 [40]
File: Fig/L4_F15.png Graphic file (type bmp)
<Fig/L4_F15.png>
) (./Lectures/5.tex [41]
Chapter 5.
[42

] [43] [44]
Underfull \hbox (badness 10000) in paragraph at lines 119--121

 []

[45] [46]
File: Fig/L5_F1.jpg Graphic file (type bmp)
<Fig/L5_F1.jpg>
File: Fig/L5_F2.jpg Graphic file (type bmp)
<Fig/L5_F2.jpg>


LaTeX Warning: `!h' float specifier changed to `!ht'.

[47] [48]
File: Fig/L5_F3.jpg Graphic file (type bmp)
<Fig/L5_F3.jpg>


LaTeX Warning: `!h' float specifier changed to `!ht'.

[49] [50] [51]) (./Lectures/6.tex [52]
Chapter 6.
Missing character: There is no  in font [lmroman10-regular]:mapping=tex-text;!

Underfull \hbox (badness 10000) in paragraph at lines 14--16

 []

Missing character: There is no  in font [lmroman10-regular]:mapping=tex-text;!
Missing character: There is no  in font [lmroman10-regular]:mapping=tex-text;!
[53

]
Missing character: There is no  in font [lmroman10-regular]:mapping=tex-text;!
Missing character: There is no  in font [lmroman10-regular]:mapping=tex-text;!
Missing character: There is no  in font [lmroman10-regular]:mapping=tex-text;!
Missing character: There is no  in font [lmroman10-regular]:mapping=tex-text;!
Missing character: There is no  in font [lmroman10-regular]:mapping=tex-text;!
Missing character: There is no  in font [lmroman10-regular]:mapping=tex-text;!
Missing character: There is no  in font [lmroman10-regular]:mapping=tex-text;!
Missing character: There is no  in font [lmroman10-regular]:mapping=tex-text;!
Missing character: There is no  in font [lmroman10-regular]:mapping=tex-text;!

Underfull \hbox (badness 10000) in paragraph at lines 20--27

 []

Missing character: There is no  in font [lmroman10-bold]:mapping=tex-text;!
Missing character: There is no  in font [lmroman10-regular]:mapping=tex-text;!
Missing character: There is no  in font [lmroman10-regular]:mapping=tex-text;!
Missing character: There is no  in font [lmroman10-regular]:mapping=tex-text;!
[54]
Missing character: There is no  in font [lmroman10-regular]:mapping=tex-text;!
Missing character: There is no  in font [lmroman10-regular]:mapping=tex-text;!
Missing character: There is no  in font [lmroman10-regular]:mapping=tex-text;!
Missing character: There is no  in font [lmroman10-regular]:mapping=tex-text;!

Underfull \hbox (badness 10000) in paragraph at lines 43--48

 []

Missing character: There is no  in font [lmroman10-regular]:mapping=tex-text;!
Missing character: There is no  in font [lmroman10-regular]:mapping=tex-text;!
Missing character: There is no  in font rm-lmr6!
Missing character: There is no  in font [lmroman10-regular]:mapping=tex-text;!
Missing character: There is no  in font rm-lmr6!
[55]
Missing character: There is no  in font [lmroman10-regular]:mapping=tex-text;!
Missing character: There is no  in font rm-lmr7!
Missing character: There is no  in font rm-lmr10!
Missing character: There is no  in font rm-lmr10!
Missing character: There is no  in font rm-lmr10!
Missing character: There is no  in font rm-lmr10!
Missing character: There is no  in font rm-lmr10!
Missing character: There is no  in font rm-lmr10!
Missing character: There is no  in font rm-lmr10!
Missing character: There is no  in font rm-lmr7!
Missing character: There is no  in font rm-lmr10!
Missing character: There is no  in font rm-lmr10!
Missing character: There is no  in font rm-lmr10!
Missing character: There is no  in font rm-lmr10!
Missing character: There is no  in font [lmroman10-regular]:mapping=tex-text;!
File: Fig/L6_F1.jpg Graphic file (type bmp)
<Fig/L6_F1.jpg>


LaTeX Warning: `!h' float specifier changed to `!ht'.

Missing character: There is no  in font rm-lmr10!
[56]
Missing character: There is no  in font rm-lmr10!
Missing character: There is no  in font rm-lmr7!
Missing character: There is no  in font rm-lmr10!
File: Fig/L6_F2.jpg Graphic file (type bmp)
<Fig/L6_F2.jpg>
Missing character: There is no  in font [lmroman10-regular]:mapping=tex-text;!
Missing character: There is no  in font [lmroman10-regular]:mapping=tex-text;!
 [57]
Missing character: There is no  in font rm-lmr10!
Missing character: There is no  in font rm-lmr10!
Missing character: There is no  in font rm-lmr10!
File: Fig/L6_F3.jpg Graphic file (type bmp)
<Fig/L6_F3.jpg>


LaTeX Warning: `!h' float specifier changed to `!ht'.

[58]
File: Fig/L6_F4.jpg Graphic file (type bmp)
<Fig/L6_F4.jpg>
File: Fig/L6_F5.jpg Graphic file (type bmp)
<Fig/L6_F5.jpg>
File: Fig/L6_F6.jpg Graphic file (type bmp)
<Fig/L6_F6.jpg>


LaTeX Warning: `!h' float specifier changed to `!ht'.

[59]

LaTeX Warning: `!h' float specifier changed to `!ht'.

[60]
File: Fig/L6_F7.jpg Graphic file (type bmp)
<Fig/L6_F7.jpg>
Missing character: There is no  in font rm-lmr10!
Missing character: There is no  in font rm-lmr10!
) (./Lectures/7.tex [61] [62]
Chapter 7.

Underfull \hbox (badness 10000) in paragraph at lines 2--4

 []


Underfull \hbox (badness 10000) in paragraph at lines 5--12

 []


Underfull \hbox (badness 10000) in paragraph at lines 5--12

 []


Underfull \hbox (badness 10000) in paragraph at lines 5--12

 []

[63

]
Underfull \hbox (badness 10000) in paragraph at lines 24--26

 []

File: Fig/L7_F1.png Graphic file (type bmp)
<Fig/L7_F1.png>
[64]
File: Fig/L7_F2.png Graphic file (type bmp)
<Fig/L7_F2.png>

Underfull \hbox (badness 10000) in paragraph at lines 49--60

 []


Underfull \hbox (badness 10000) in paragraph at lines 49--60

 []


Underfull \hbox (badness 10000) in paragraph at lines 75--78

 []

[65]
File: Fig/L7_F3.png Graphic file (type bmp)
<Fig/L7_F3.png>

Underfull \hbox (badness 10000) in paragraph at lines 92--95

 []

File: Fig/L7_F4.png Graphic file (type bmp)
<Fig/L7_F4.png>

LaTeX Warning: `!h' float specifier changed to `!ht'.


LaTeX Warning: Reference `fig:f4' on page 66 undefined on input line 106.

[66]
File: Fig/L7_F5.png Graphic file (type bmp)
<Fig/L7_F5.png>
 [67]
Missing character: There is no  in font rm-lmr10!
Missing character: There is no  in font rm-lmr10!

Underfull \hbox (badness 10000) in paragraph at lines 144--146

 []


Underfull \hbox (badness 10000) in paragraph at lines 152--155

 []

File: Fig/L7_F6.png Graphic file (type bmp)
<Fig/L7_F6.png>
) (./Lectures/8.tex
Underfull \hbox (badness 10000) in paragraph at lines 158--1

 []


LaTeX Warning: `!h' float specifier changed to `!ht'.

[68] [69]
Chapter 8.

Underfull \hbox (badness 10000) in paragraph at lines 10--13

 []


Underfull \hbox (badness 10000) in paragraph at lines 10--13

 []

[70

]
Underfull \hbox (badness 10000) in paragraph at lines 35--38

 []

File: Fig/L8_F1.png Graphic file (type bmp)
<Fig/L8_F1.png>

Underfull \hbox (badness 10000) in paragraph at lines 39--50

 []

File: Fig/L8_F2.png Graphic file (type bmp)
<Fig/L8_F2.png>

LaTeX Warning: `!h' float specifier changed to `!ht'.

File: Fig/L8_F3.png Graphic file (type bmp)
<Fig/L8_F3.png>
[71]
Underfull \hbox (badness 10000) in paragraph at lines 69--73

 []


Underfull \hbox (badness 10000) in paragraph at lines 69--73

 []

[72]
File: Fig/L8_F4.png Graphic file (type bmp)
<Fig/L8_F4.png>

Underfull \hbox (badness 10000) in paragraph at lines 91--96

 []


Underfull \hbox (badness 10000) in paragraph at lines 99--101

 []

[73]
File: Fig/L8_F5.png Graphic file (type bmp)
<Fig/L8_F5.png>
) (./Lectures/9.tex
Underfull \hbox (badness 10000) in paragraph at lines 103--1

 []


Underfull \hbox (badness 10000) in paragraph at lines 103--1

 []


Underfull \hbox (badness 10000) in paragraph at lines 103--1

 []

[74]
Chapter 9.
Missing character: There is no  in font [lmroman10-regular]:mapping=tex-text;!
Missing character: There is no  in font [lmroman10-regular]:mapping=tex-text;!
Missing character: There is no  in font [lmroman10-regular]:mapping=tex-text;!
File: Fig/L9_F1.jpg Graphic file (type bmp)
<Fig/L9_F1.jpg>
[75

]
File: Fig/L9_F2.jpg Graphic file (type bmp)
<Fig/L9_F2.jpg>
 [76]
File: Fig/L9_F3.jpg Graphic file (type bmp)
<Fig/L9_F3.jpg>
 [77]
Missing character: There is no  in font rm-lmr10!
Missing character: There is no  in font rm-lmr10!
Missing character: There is no  in font rm-lmr10!

Underfull \hbox (badness 10000) in paragraph at lines 71--75

 []

Missing character: There is no  in font rm-lmr10!
Missing character: There is no  in font rm-lmr10!
Missing character: There is no  in font rm-lmr10!

Underfull \hbox (badness 10000) in paragraph at lines 79--84

 []


Underfull \hbox (badness 10000) in paragraph at lines 79--84

 []

Missing character: There is no  in font rm-lmr10!
Missing character: There is no  in font rm-lmr10!
[78]
File: Fig/L9_F4.jpg Graphic file (type bmp)
<Fig/L9_F4.jpg>
 [79]
File: Fig/L9_F5.jpg Graphic file (type bmp)
<Fig/L9_F5.jpg>
 [80]
Missing character: There is no  in font zplmi!

Underfull \hbox (badness 10000) in paragraph at lines 128--130

 []

Missing character: There is no  in font rm-lmr7!
Missing character: There is no  in font rm-lmr7!
Missing character: There is no  in font rm-lmr7!
Missing character: There is no  in font rm-lmr10!
Missing character: There is no  in font rm-lmr7!
Missing character: There is no  in font rm-lmr7!
Missing character: There is no  in font rm-lmr10!
[81]
Underfull \hbox (badness 10000) in paragraph at lines 149--151

 []


Underfull \hbox (badness 10000) in paragraph at lines 158--159

 []

[82]
File: Fig/L9_F6.jpg Graphic file (type bmp)
<Fig/L9_F6.jpg>
Missing character: There is no  in font rm-lmr7!
Missing character: There is no  in font rm-lmr7!
) (./Lectures/10.tex [83]
Chapter 10.
[84

]
File: Fig/L10_F1.jpg Graphic file (type bmp)
<Fig/L10_F1.jpg>

Underfull \hbox (badness 10000) in paragraph at lines 32--38

 []

[85]
File: Fig/L10_F2.jpg Graphic file (type bmp)
<Fig/L10_F2.jpg>
 [86]
File: Fig/L10_F3.jpg Graphic file (type bmp)
<Fig/L10_F3.jpg>
 [87] [88]
File: Fig/L10_F4.jpg Graphic file (type bmp)
<Fig/L10_F4.jpg>
 [89]
File: Fig/L10_F5.jpg Graphic file (type bmp)
<Fig/L10_F5.jpg>

Underfull \hbox (badness 10000) in paragraph at lines 117--119

 []

[90]
Overfull \hbox (2.3889pt too wide) in paragraph at lines 125--128
\TU/lmr/m/n/10 The fraud-proof mechanism, along with the ability to penalize ad
versarial behavior, incentivizes commitment-
 []


Underfull \hbox (badness 10000) in paragraph at lines 130--134

 []

File: Fig/L10_F6.jpg Graphic file (type bmp)
<Fig/L10_F6.jpg>

Underfull \hbox (badness 10000) in paragraph at lines 150--153

 []

[91]
Underfull \hbox (badness 10000) in paragraph at lines 157--159

 []


Underfull \hbox (badness 10000) in paragraph at lines 162--164

 []

) (./Lectures/11.tex [92] [93]
Chapter 11.

Underfull \hbox (badness 10000) in paragraph at lines 3--9

 []


Underfull \hbox (badness 10000) in paragraph at lines 3--9

 []


Underfull \hbox (badness 10000) in paragraph at lines 11--16

 []


Underfull \hbox (badness 10000) in paragraph at lines 11--16

 []


Underfull \hbox (badness 10000) in paragraph at lines 11--16

 []


Underfull \hbox (badness 10000) in paragraph at lines 18--25

 []


Underfull \hbox (badness 10000) in paragraph at lines 18--25

 []

[94

]
Underfull \hbox (badness 10000) in paragraph at lines 30--33

 []


Underfull \hbox (badness 10000) in paragraph at lines 39--41

 []

[95]
File: Fig/L11_F1.png Graphic file (type bmp)
<Fig/L11_F1.png>

Underfull \hbox (badness 10000) in paragraph at lines 61--63

 []


Underfull \hbox (badness 10000) in paragraph at lines 65--72

 []

[96]
File: Fig/L11_F2.png Graphic file (type bmp)
<Fig/L11_F2.png>

Underfull \hbox (badness 10000) in paragraph at lines 80--90

 []

[97]
Missing character: There is no  in font rm-lmr10!
File: Fig/L11_F3.png Graphic file (type bmp)
<Fig/L11_F3.png>
File: Fig/L11_F4.png Graphic file (type bmp)
<Fig/L11_F4.png>

Underfull \hbox (badness 10000) in paragraph at lines 104--119

 []

[98]
File: Fig/L11_F5.png Graphic file (type bmp)
<Fig/L11_F5.png>
 [99]

LaTeX Warning: Reference `eq:9' on page 100 undefined on input line 138.

File: Fig/L11_F6.png Graphic file (type bmp)
<Fig/L11_F6.png>
File: Fig/L11_F7.png Graphic file (type bmp)
<Fig/L11_F7.png>

Underfull \hbox (badness 10000) in paragraph at lines 161--165

 []


Underfull \hbox (badness 10000) in paragraph at lines 161--165

 []

[100]
File: Fig/L11_F8.png Graphic file (type bmp)
<Fig/L11_F8.png>

Underfull \hbox (badness 10000) in paragraph at lines 173--175

 []


Underfull \hbox (badness 10000) in paragraph at lines 177--180

 []


Underfull \hbox (badness 10000) in paragraph at lines 177--180

 []


LaTeX Warning: Reference `fig:f9' on page 101 undefined on input line 184.

File: Fig/L11_F9.png Graphic file (type bmp)
<Fig/L11_F9.png>

Underfull \hbox (badness 10000) in paragraph at lines 182--193

 []


Underfull \hbox (badness 10000) in paragraph at lines 182--193

 []

[101]
Underfull \hbox (badness 10000) in paragraph at lines 194--200

 []

[102]) (./Lectures/12.tex [103]
Chapter 12.

Overfull \hbox (3.41689pt too wide) in paragraph at lines 9--12
\TU/lmr/m/n/10 to efficiently accommodate numerous side blockchains. Unlike a f
ull-fledged blockchain, the trusted main blockchain
 []

File: Fig/L12_F1.jpg Graphic file (type bmp)
<Fig/L12_F1.jpg>
[104

] [105]
Missing character: There is no  in font [lmroman10-regular]:mapping=tex-text;!
Missing character: There is no  in font [lmroman10-regular]:mapping=tex-text;!

Overfull \hbox (9.4845pt too wide) in paragraph at lines 67--68
 []|\TU/lmr/m/n/10 communication 
 []

[106] [107]
Missing character: There is no  in font rm-lmr10!
File: Fig/L12_F2.jpg Graphic file (type bmp)
<Fig/L12_F2.jpg>
Missing character: There is no  in font zplmi!
Missing character: There is no  in font rm-lmr10!
Missing character: There is no  in font rm-lmr10!
Missing character: There is no  in font zplmi!

Underfull \hbox (badness 10000) in paragraph at lines 131--133

 []

[108] [109]) (./Lectures/13.tex [110

]
Chapter 13.

Underfull \hbox (badness 10000) in paragraph at lines 6--9

 []

File: Fig/L13_F1.png Graphic file (type bmp)
<Fig/L13_F1.png>
[111

]
File: Fig/L13_F2.png Graphic file (type bmp)
<Fig/L13_F2.png>
File: Fig/L13_F3.png Graphic file (type bmp)
<Fig/L13_F3.png>


LaTeX Warning: `!h' float specifier changed to `!ht'.

[112]
File: Fig/L13_F4.png Graphic file (type bmp)
<Fig/L13_F4.png>
File: Fig/L13_F5.png Graphic file (type bmp)
<Fig/L13_F5.png>


LaTeX Warning: `!h' float specifier changed to `!ht'.

[113]
File: Fig/L13_F6.png Graphic file (type bmp)
<Fig/L13_F6.png>
File: Fig/L13_F7.png Graphic file (type bmp)
<Fig/L13_F7.png>
 [114]
Underfull \hbox (badness 10000) in paragraph at lines 131--135

 []


Underfull \hbox (badness 10000) in paragraph at lines 131--135

 []


Underfull \hbox (badness 10000) in paragraph at lines 141--145

 []

[115]) (./Lectures/14.tex [116]
Chapter 14.
File: Fig/L14_F1.png Graphic file (type bmp)
<Fig/L14_F1.png>
[117

]
File: Fig/L14_F2.png Graphic file (type bmp)
<Fig/L14_F2.png>
File: Fig/L14_F3.jpg Graphic file (type bmp)
<Fig/L14_F3.jpg>

Underfull \hbox (badness 10000) in paragraph at lines 41--43

 []

[118]
File: Fig/L14_F4.png Graphic file (type bmp)
<Fig/L14_F4.png>
File: Fig/L14_F5.png Graphic file (type bmp)
<Fig/L14_F5.png>
 [119] [120]
Underfull \hbox (badness 10000) in paragraph at lines 109--112

 []

[121]
Missing character: There is no  in font [lmroman10-regular]:mapping=tex-text;!
 [122]
File: Fig/L14_F6.png Graphic file (type bmp)
<Fig/L14_F6.png>

Underfull \hbox (badness 10000) in paragraph at lines 142--145

 []

[123]
Overfull \hbox (0.25659pt too wide) in paragraph at lines 153--154
[]\TU/lmr/bx/n/10 Cost-Efficient Off-Chain Storage: \TU/lmr/m/n/10 zkPorter ben
efits from cheaper off-chain storage compared to zkSyncs
 []


Underfull \hbox (badness 10000) in paragraph at lines 158--162

 []


Underfull \hbox (badness 10000) in paragraph at lines 169--172

 []

[124]) (./Lectures/15.tex [125] [126]
Chapter 15.
File: Fig/L15_F8.png Graphic file (type bmp)
<Fig/L15_F8.png>

Underfull \hbox (badness 10000) in paragraph at lines 27--31

 []

[127

]
File: Fig/L15_F1.png Graphic file (type bmp)
<Fig/L15_F1.png>
File: Fig/L15_F2.png Graphic file (type bmp)
<Fig/L15_F2.png>

Underfull \hbox (badness 10000) in paragraph at lines 50--59

 []


LaTeX Warning: `!h' float specifier changed to `!ht'.

[128]
File: Fig/L15_F3.png Graphic file (type bmp)
<Fig/L15_F3.png>


LaTeX Warning: Reference `fig:f4' on page 129 undefined on input line 66.

File: Fig/L15_F4.png Graphic file (type bmp)
<Fig/L15_F4.png>

Underfull \hbox (badness 10000) in paragraph at lines 66--76

 []

[129]
File: Fig/L15_F5.png Graphic file (type bmp)
<Fig/L15_F5.png>
File: Fig/L15_F6.png Graphic file (type bmp)
<Fig/L15_F6.png>


LaTeX Warning: `!h' float specifier changed to `!ht'.

[130]
Underfull \hbox (badness 10000) in paragraph at lines 100--104

 []


Underfull \hbox (badness 10000) in paragraph at lines 100--104

 []


Underfull \hbox (badness 10000) in paragraph at lines 100--104

 []

File: Fig/L15_F7.png Graphic file (type bmp)
<Fig/L15_F7.png>

LaTeX Warning: `!h' float specifier changed to `!ht'.

[131]
Underfull \hbox (badness 10000) in paragraph at lines 120--123

 []


Underfull \hbox (badness 10000) in paragraph at lines 120--123

 []

) (./Lectures/16.tex [132]
Chapter 16.

LaTeX Warning: Command \textgreater invalid in math mode on input line 7.


LaTeX Warning: Command \textless invalid in math mode on input line 8.

File: Fig/L16_F1.jpg Graphic file (type bmp)
<Fig/L16_F1.jpg>
[133

]
File: Fig/L16_F2.jpg Graphic file (type bmp)
<Fig/L16_F2.jpg>
File: Fig/L16_F3.jpg Graphic file (type bmp)
<Fig/L16_F3.jpg>
Missing character: There is no  in font zplmi!
 [134] [135] [136]
File: Fig/L16_F4.jpg Graphic file (type bmp)
<Fig/L16_F4.jpg>
 [137] [138]) (./Lectures/17.tex [139

]
Chapter 17.
File: Fig/L17_F1.png Graphic file (type bmp)
<Fig/L17_F1.png>

Underfull \hbox (badness 10000) in paragraph at lines 2--18

 []


Underfull \hbox (badness 10000) in paragraph at lines 2--18

 []


Underfull \hbox (badness 10000) in paragraph at lines 2--18

 []


Underfull \hbox (badness 10000) in paragraph at lines 2--18

 []


Underfull \hbox (badness 10000) in paragraph at lines 2--18

 []

[140

]
File: Fig/L17_F2.png Graphic file (type bmp)
<Fig/L17_F2.png>

Underfull \hbox (badness 10000) in paragraph at lines 20--34

 []


Underfull \hbox (badness 10000) in paragraph at lines 20--34

 []


Underfull \hbox (badness 10000) in paragraph at lines 20--34

 []


Underfull \hbox (badness 10000) in paragraph at lines 20--34

 []


Underfull \hbox (badness 10000) in paragraph at lines 37--41

 []

[141]
File: Fig/L17_F3.png Graphic file (type bmp)
<Fig/L17_F3.png>
File: Fig/L17_F4.png Graphic file (type bmp)
<Fig/L17_F4.png>

Underfull \hbox (badness 10000) in paragraph at lines 53--73

 []


Underfull \hbox (badness 10000) in paragraph at lines 53--73

 []


Underfull \hbox (badness 10000) in paragraph at lines 53--73

 []

[142]
File: Fig/L17_F5.png Graphic file (type bmp)
<Fig/L17_F5.png>
 [143]
File: Fig/L17_F6.png Graphic file (type bmp)
<Fig/L17_F6.png>

Underfull \hbox (badness 10000) in paragraph at lines 98--107

 []


Underfull \hbox (badness 10000) in paragraph at lines 98--107

 []

[144]
Underfull \hbox (badness 10000) in paragraph at lines 132--136

 []


Underfull \hbox (badness 10000) in paragraph at lines 132--136

 []

[145]) (./Lectures/18.tex
Underfull \hbox (badness 10000) in paragraph at lines 138--1

 []


Underfull \hbox (badness 10000) in paragraph at lines 138--1

 []


Underfull \hbox (badness 10000) in paragraph at lines 138--1

 []

[146]
Chapter 18.

Underfull \hbox (badness 10000) in paragraph at lines 18--22

 []

[147

]
File: Fig/L18_F1.png Graphic file (type bmp)
<Fig/L18_F1.png>

Underfull \hbox (badness 10000) in paragraph at lines 32--34

 []

File: Fig/L18_F2.jpg Graphic file (type bmp)
<Fig/L18_F2.jpg>
[148]
File: Fig/L18_F3.jpg Graphic file (type bmp)
<Fig/L18_F3.jpg>
File: Fig/L18_F4.jpg Graphic file (type bmp)
<Fig/L18_F4.jpg>
File: Fig/L18_F5.jpg Graphic file (type bmp)
<Fig/L18_F5.jpg>


LaTeX Warning: `!h' float specifier changed to `!ht'.


Underfull \hbox (badness 10000) in paragraph at lines 71--72

 []

File: Fig/L18_F6.jpg Graphic file (type bmp)
<Fig/L18_F6.jpg>
File: Fig/L18_F7.jpg Graphic file (type bmp)
<Fig/L18_F7.jpg>
File: Fig/L18_F8.jpg Graphic file (type bmp)
<Fig/L18_F8.jpg>
File: Fig/L18_F9.jpg Graphic file (type bmp)
<Fig/L18_F9.jpg>
[149] [150]

LaTeX Warning: `!h' float specifier changed to `!ht'.


LaTeX Warning: `!h' float specifier changed to `!ht'.


LaTeX Warning: `!h' float specifier changed to `!ht'.

[151] [152] [153] [154]) (./Lectures/19.tex [155]
Chapter 19.
File: Fig/L19_F1.png Graphic file (type bmp)
<Fig/L19_F1.png>
File: Fig/L19_F2.png Graphic file (type bmp)
<Fig/L19_F2.png>

LaTeX Warning: `!h' float specifier changed to `!ht'.


Underfull \hbox (badness 10000) in paragraph at lines 20--23

 []


Underfull \hbox (badness 10000) in paragraph at lines 20--23

 []

[156

]
File: Fig/L19_F3.png Graphic file (type bmp)
<Fig/L19_F3.png>
File: Fig/L19_F4.png Graphic file (type bmp)
<Fig/L19_F4.png>

Underfull \hbox (badness 10000) in paragraph at lines 35--44

 []

[157]
Underfull \hbox (badness 10000) in paragraph at lines 46--50

 []


Underfull \hbox (badness 10000) in paragraph at lines 46--50

 []

File: Fig/L19_F5.png Graphic file (type bmp)
<Fig/L19_F5.png>
[158]
Underfull \hbox (badness 10000) in paragraph at lines 67--71

 []

File: Fig/L19_F6.png Graphic file (type bmp)
<Fig/L19_F6.png>
[159]
File: Fig/L19_F7.png Graphic file (type bmp)
<Fig/L19_F7.png>
 [160]
Underfull \hbox (badness 10000) in paragraph at lines 130--132

 []

File: Fig/L19_F8.png Graphic file (type bmp)
<Fig/L19_F8.png>

Underfull \hbox (badness 10000) in paragraph at lines 148--152

 []

[161]
File: Fig/L19_F9.png Graphic file (type bmp)
<Fig/L19_F9.png>

Underfull \hbox (badness 10000) in paragraph at lines 162--171

 []


Underfull \hbox (badness 10000) in paragraph at lines 162--171

 []

[162]
File: Fig/L19_F10.png Graphic file (type bmp)
<Fig/L19_F10.png>
File: Fig/L19_F11.png Graphic file (type bmp)
<Fig/L19_F11.png>
 [163]
File: Fig/L19_F12.png Graphic file (type bmp)
<Fig/L19_F12.png>

Underfull \hbox (badness 10000) in paragraph at lines 231--234

 []

File: Fig/L19_F13.png Graphic file (type bmp)
<Fig/L19_F13.png>

LaTeX Warning: `!h' float specifier changed to `!ht'.

[164]
File: Fig/L19_F14.png Graphic file (type bmp)
<Fig/L19_F14.png>
) (./Lectures/20.tex [165]
Chapter 20.
File: Fig/20/F1.jpg Graphic file (type bmp)
<Fig/20/F1.jpg>

Underfull \hbox (badness 10000) in paragraph at lines 11--12

 []

File: Fig/20/F2.jpg Graphic file (type bmp)
<Fig/20/F2.jpg>

Underfull \hbox (badness 10000) in paragraph at lines 21--23

 []

File: Fig/20/F3.jpg Graphic file (type bmp)
<Fig/20/F3.jpg>
File: Fig/20/F4.jpg Graphic file (type bmp)
<Fig/20/F4.jpg>

Underfull \hbox (badness 10000) in paragraph at lines 43--45

 []

[166

] [167] [168] [169]
File: Fig/20/F5.jpg Graphic file (type bmp)
<Fig/20/F5.jpg>
 [170]
File: Fig/20/F6.jpg Graphic file (type bmp)
<Fig/20/F6.jpg>

Underfull \hbox (badness 10000) in paragraph at lines 83--84

 []

File: Fig/20/F7.jpg Graphic file (type bmp)
<Fig/20/F7.jpg>
File: Fig/20/F8.jpg Graphic file (type bmp)
<Fig/20/F8.jpg>
[171] [172]
File: Fig/20/F9.jpg Graphic file (type bmp)
<Fig/20/F9.jpg>
) (./Lectures/21.tex [173] [174]
Chapter 21.
File: Fig/L21_F1.png Graphic file (type bmp)
<Fig/L21_F1.png>

Underfull \hbox (badness 10000) in paragraph at lines 4--13

 []

[175

]
File: Fig/L21_F2.png Graphic file (type bmp)
<Fig/L21_F2.png>

Underfull \hbox (badness 10000) in paragraph at lines 30--32

 []

File: Fig/L21_F3.png Graphic file (type bmp)
<Fig/L21_F3.png>
File: Fig/L21_F4.png Graphic file (type bmp)
<Fig/L21_F4.png>
File: Fig/L21_F5.png Graphic file (type bmp)
<Fig/L21_F5.png>

Underfull \hbox (badness 10000) in paragraph at lines 34--54

 []


LaTeX Warning: `!h' float specifier changed to `!ht'.


LaTeX Warning: `!h' float specifier changed to `!ht'.


LaTeX Warning: `!h' float specifier changed to `!ht'.


Underfull \hbox (badness 10000) in paragraph at lines 57--60

 []

[176] [177]
Underfull \hbox (badness 10000) in paragraph at lines 63--67

 []


Underfull \hbox (badness 10000) in paragraph at lines 63--67

 []

File: Fig/L21_F6.png Graphic file (type bmp)
<Fig/L21_F6.png>
File: Fig/L21_F7.png Graphic file (type bmp)
<Fig/L21_F7.png>

LaTeX Warning: `!h' float specifier changed to `!ht'.


Underfull \hbox (badness 10000) in paragraph at lines 87--89

 []

[178]
Underfull \hbox (badness 10000) in paragraph at lines 92--94

 []


Underfull \hbox (badness 10000) in paragraph at lines 96--98

 []

[179]
File: Fig/L21_F8.png Graphic file (type bmp)
<Fig/L21_F8.png>
File: Fig/L21_F9.png Graphic file (type bmp)
<Fig/L21_F9.png>

Underfull \hbox (badness 10000) in paragraph at lines 113--122

 []


Underfull \hbox (badness 10000) in paragraph at lines 113--122

 []


LaTeX Warning: `!h' float specifier changed to `!ht'.

File: Fig/L21_F10.png Graphic file (type bmp)
<Fig/L21_F10.png>
[180]
File: Fig/L21_F11.png Graphic file (type bmp)
<Fig/L21_F11.png>
) (./Lectures/22.tex
Underfull \hbox (badness 10000) in paragraph at lines 135--1

 []


Underfull \hbox (badness 10000) in paragraph at lines 135--1

 []


LaTeX Warning: `!h' float specifier changed to `!ht'.

[181] [182]
Chapter 22.
[183

]
File: Fig/22/F1.jpg Graphic file (type bmp)
<Fig/22/F1.jpg>
 [184]
File: Fig/22/F2.jpg Graphic file (type bmp)
<Fig/22/F2.jpg>
 [185]
File: Fig/22/F3.jpg Graphic file (type bmp)
<Fig/22/F3.jpg>

Underfull \hbox (badness 10000) in paragraph at lines 75--77

 []

[186]
File: Fig/22/F4.jpg Graphic file (type bmp)
<Fig/22/F4.jpg>
 [187]
Overfull \hbox (4.78484pt too wide) in paragraph at lines 108--109
[]\TU/lmr/m/n/10 It may require some technical modifications or innovations to 
implement such a scheme on the blockchain,
 []

File: Fig/22/F5.jpg Graphic file (type bmp)
<Fig/22/F5.jpg>
[188] [189]
File: Fig/22/F6.jpg Graphic file (type bmp)
<Fig/22/F6.jpg>
File: Fig/22/F7.jpg Graphic file (type bmp)
<Fig/22/F7.jpg>

Underfull \hbox (badness 10000) in paragraph at lines 173--175

 []

[190]
File: Fig/22/F8.png Graphic file (type bmp)
<Fig/22/F8.png>

Underfull \hbox (badness 10000) in paragraph at lines 188--190

 []

[191]
File: Fig/22/F9.png Graphic file (type bmp)
<Fig/22/F9.png>
 [192]
File: Fig/22/F10.png Graphic file (type bmp)
<Fig/22/F10.png>
) [193] [194]
Package atveryend Info: Empty hook `BeforeClearDocument' on input line 46.
Package atveryend Info: Empty hook `AfterLastShipout' on input line 46.
 (./complete_notes.aux)
Package atveryend Info: Empty hook `AtVeryEndDocument' on input line 46.
Package atveryend Info: Empty hook `AtEndAfterFileList' on input line 46.


LaTeX Font Warning: Some font shapes were not available, defaults substituted.


LaTeX Warning: There were undefined references.


LaTeX Warning: There were multiply-defined labels.

 )
(\end occurred inside a group at level 1)

### simple group (level 1) entered at line 45 ({)
### bottom level 
Here is how much of TeX's memory you used:
 38611 strings out of 479418
 743749 string characters out of 5881945
 1102940 words of memory out of 5000000
 55211 multiletter control sequences out of 15000+600000
 589525 words of font info for 136 fonts, out of 8000000 for 9000
 1348 hyphenation exceptions out of 8191
 68i,16n,105p,1348b,1425s stack positions out of 5000i,500n,10000p,200000b,80000s

Output written on complete_notes.pdf (195 pages).
